<?xml version="1.0" encoding="UTF-8"?>
<TestRun id="777a0928-e22f-4883-9653-bbcf6ca2dbdf" name="TestResults" runUser="REDMOND\clayco" xmlns="http://microsoft.com/schemas/VisualStudio/TeamTest/2010">
  <TestSettings name="Local" id="62f583f0-2eca-4773-bed0-474a13faad76">
    <Description>These are default test settings for a local test run.</Description>
    <Deployment userDeploymentRoot="." useDefaultDeploymentRoot="false" runDeploymentRoot="TestResults[32]">
      <DeploymentItem filename=".nuget\NuGet.Config" />
      <DeploymentItem filename=".nuget\NuGet.exe" />
      <DeploymentItem filename=".nuget\NuGet.targets" />
    </Deployment>
    <NamingScheme baseName="TestResults" appendTimeStamp="false" useDefault="false" />
    <Execution>
      <TestTypeSpecific>
        <UnitTestRunConfig testTypeId="13cdc9d9-ddb5-4fa4-a97d-d965ccfc6d4b">
          <AssemblyResolution>
            <TestDirectory useLoadContext="true" />
          </AssemblyResolution>
        </UnitTestRunConfig>
        <WebTestRunConfiguration testTypeId="4e7599fa-5ecb-43e9-a887-cd63cf72d207">
          <Browser name="Internet Explorer 9.0" MaxConnections="6">
            <Headers>
              <Header name="User-Agent" value="Mozilla/5.0 (compatible; MSIE 9.0; Windows NT 6.1; Trident/5.0)" />
              <Header name="Accept" value="*/*" />
              <Header name="Accept-Language" value="{{$IEAcceptLanguage}}" />
              <Header name="Accept-Encoding" value="GZIP" />
            </Headers>
          </Browser>
        </WebTestRunConfiguration>
      </TestTypeSpecific>
      <AgentRule name="LocalMachineDefaultRole">
      </AgentRule>
    </Execution>
  </TestSettings>
  <Times creation="2013-04-16T20:11:28.0861838-07:00" queuing="2013-04-16T20:11:28.2763427-07:00" start="2013-04-16T20:11:28.3624148-07:00" finish="2013-04-16T20:11:57.1628506-07:00" />
  <ResultSummary outcome="Error">
    <Counters total="37" executed="37" passed="3" error="16" failed="18" timeout="0" aborted="0" inconclusive="0" passedButRunAborted="0" notRunnable="0" notExecuted="0" disconnected="0" warning="0" completed="0" inProgress="0" pending="0" />
  </ResultSummary>
  <TestDefinitions>
    <CodedWebTest name="ContactOwnerTest" storage="d:\github.com\nugetgallery\functionaltests\nugetgallery.functionaltests\bin\nugetgallery.functionaltests.dll" id="a6f81ddd-4476-9109-b107-ff9673898e71">
      <Execution id="de511192-dd5e-4387-ad44-50eeea39fc2e" />
      <WebTestClass assembly="NuGetGallery.FunctionalTests, Version=1.0.0.0, Culture=neutral, PublicKeyToken=null" namespace="NuGetGallery.FunctionalTests.WebUITests.PackageManagement" class="ContactOwnerTest" />
    </CodedWebTest>
    <UnitTest name="UploadMultipleVersionOfPackage" storage="d:\github.com\nugetgallery\functionaltests\nugetgallery.functionaltests\bin\nugetgallery.functionaltests.dll" priority="1" id="5d62a4b0-dcba-4028-434b-2b747b4c411f">
      <Description>Upload multiple versions of a package and see if it gets uploaded properly</Description>
      <Execution id="495c6bfc-2ea3-4301-ac1a-f4dd3663032e" />
      <TestMethod codeBase="d:/github.com/nugetgallery/functionaltests/nugetgallery.functionaltests/bin/NuGetGallery.FunctionalTests.DLL" adapterTypeName="Microsoft.VisualStudio.TestTools.TestTypes.Unit.UnitTestAdapter, Microsoft.VisualStudio.QualityTools.Tips.UnitTest.Adapter, Version=11.0.0.0, Culture=neutral, PublicKeyToken=b03f5f7f11d50a3a" className="NuGetGallery.FunctionalTests.Features.PackageVersionTest, NuGetGallery.FunctionalTests, Version=1.0.0.0, Culture=neutral, PublicKeyToken=null" name="UploadMultipleVersionOfPackage" />
    </UnitTest>
    <UnitTest name="AddPackageToWindows8CuratedFeed" storage="d:\github.com\nugetgallery\functionaltests\nugetgallery.functionaltests\bin\nugetgallery.functionaltests.dll" priority="1" id="2653a81d-b439-f73a-c036-efc0ec29de69">
      <Description>Creates a package with Windows8 tags. Uploads it and checks if it has been curated</Description>
      <Execution id="358774a8-3492-4ab4-a4ab-e2ab8228bcf0" />
      <TestMethod codeBase="d:/github.com/nugetgallery/functionaltests/nugetgallery.functionaltests/bin/NuGetGallery.FunctionalTests.DLL" adapterTypeName="Microsoft.VisualStudio.TestTools.TestTypes.Unit.UnitTestAdapter, Microsoft.VisualStudio.QualityTools.Tips.UnitTest.Adapter, Version=11.0.0.0, Culture=neutral, PublicKeyToken=b03f5f7f11d50a3a" className="NuGetGallery.FunctionalTests.Features.CuratedFeedTest, NuGetGallery.FunctionalTests, Version=1.0.0.0, Culture=neutral, PublicKeyToken=null" name="AddPackageToWindows8CuratedFeed" />
    </UnitTest>
    <UnitTest name="FindPackagesByIdTest" storage="d:\github.com\nugetgallery\functionaltests\nugetgallery.functionaltests\bin\nugetgallery.functionaltests.dll" id="2a6c6363-3869-0c15-2d51-409738bef970">
      <Execution id="e63940d0-13ba-44df-aaba-3290ca537cde" />
      <TestMethod codeBase="d:/github.com/nugetgallery/functionaltests/nugetgallery.functionaltests/bin/NuGetGallery.FunctionalTests.DLL" adapterTypeName="Microsoft.VisualStudio.TestTools.TestTypes.Unit.UnitTestAdapter, Microsoft.VisualStudio.QualityTools.Tips.UnitTest.Adapter, Version=11.0.0.0, Culture=neutral, PublicKeyToken=b03f5f7f11d50a3a" className="NuGetGallery.FunctionalTests.ODataTests.V2FeedTest, NuGetGallery.FunctionalTests, Version=1.0.0.0, Culture=neutral, PublicKeyToken=null" name="FindPackagesByIdTest" />
    </UnitTest>
    <CodedWebTest name="HomePageValidationTest" storage="d:\github.com\nugetgallery\functionaltests\nugetgallery.functionaltests\bin\nugetgallery.functionaltests.dll" id="d527504e-456c-ed4a-8eba-7c20c18ba47d">
      <Execution id="a58606de-7587-45c5-a1a0-745db132cbaa" />
      <WebTestClass assembly="NuGetGallery.FunctionalTests, Version=1.0.0.0, Culture=neutral, PublicKeyToken=null" namespace="NuGetGallery.FunctionalTests" class="HomePageValidationTest" />
    </CodedWebTest>
    <UnitTest name="RestorePackageFromV2Feed" storage="d:\github.com\nugetgallery\functionaltests\nugetgallery.functionaltests\bin\nugetgallery.functionaltests.dll" priority="0" id="916d542f-9953-383f-a9cc-e87980667cf3">
      <Description>Restores a package from the V2 feed and checks if the file is present on local disk</Description>
      <Execution id="bede96c0-b542-43d6-94d0-a0f078e89bff" />
      <TestMethod codeBase="d:/github.com/nugetgallery/functionaltests/nugetgallery.functionaltests/bin/NuGetGallery.FunctionalTests.DLL" adapterTypeName="Microsoft.VisualStudio.TestTools.TestTypes.Unit.UnitTestAdapter, Microsoft.VisualStudio.QualityTools.Tips.UnitTest.Adapter, Version=11.0.0.0, Culture=neutral, PublicKeyToken=b03f5f7f11d50a3a" className="NuGetGallery.FunctionalTests.ODataFeedTests.V2FeedTest, NuGetGallery.FunctionalTests, Version=1.0.0.0, Culture=neutral, PublicKeyToken=null" name="RestorePackageFromV2Feed" />
    </UnitTest>
    <CodedWebTest name="SecurityHeaderTest" storage="d:\github.com\nugetgallery\functionaltests\nugetgallery.functionaltests\bin\nugetgallery.functionaltests.dll" id="d53feaf3-be7c-3e85-2afa-d33fc0e450a3">
      <Execution id="35843160-3c8c-486c-ae8d-5eb1a5a7449c" />
      <WebTestClass assembly="NuGetGallery.FunctionalTests, Version=1.0.0.0, Culture=neutral, PublicKeyToken=null" namespace="NuGetGallery.FunctionalTests" class="SecurityHeaderTest" />
    </CodedWebTest>
    <CodedWebTest name="LogonTest" storage="d:\github.com\nugetgallery\functionaltests\nugetgallery.functionaltests\bin\nugetgallery.functionaltests.dll" id="a1c602d9-292b-1042-380c-707cec091de9">
      <Execution id="c6425e85-5592-424e-b8e0-793984418833" />
      <WebTestClass assembly="NuGetGallery.FunctionalTests, Version=1.0.0.0, Culture=neutral, PublicKeyToken=null" namespace="NuGetGallery.FunctionalTests" class="LogonTest" />
    </CodedWebTest>
    <CodedWebTest name="RegisterInvalidUserTest" storage="d:\github.com\nugetgallery\functionaltests\nugetgallery.functionaltests\bin\nugetgallery.functionaltests.dll" id="6c390634-83d7-955a-87c4-b41e59b8d7ae">
      <Execution id="aecb4440-d8a6-4f7f-a62e-62381dfaa5d2" />
      <WebTestClass assembly="NuGetGallery.FunctionalTests, Version=1.0.0.0, Culture=neutral, PublicKeyToken=null" namespace="NuGetGallery.FunctionalTests" class="RegisterInvalidUserTest" />
    </CodedWebTest>
    <CodedWebTest name="InvalidLogonTest" storage="d:\github.com\nugetgallery\functionaltests\nugetgallery.functionaltests\bin\nugetgallery.functionaltests.dll" id="5d66c021-336a-34c0-9414-19ea84bd29bc">
      <Execution id="39093511-550a-4fc1-9402-73cc31e968d9" />
      <WebTestClass assembly="NuGetGallery.FunctionalTests, Version=1.0.0.0, Culture=neutral, PublicKeyToken=null" namespace="NuGetGallery.FunctionalTests" class="InvalidLogonTest" />
    </CodedWebTest>
    <CodedWebTest name="AggregateStatsInHomePage" storage="d:\github.com\nugetgallery\functionaltests\nugetgallery.functionaltests\bin\nugetgallery.functionaltests.dll" id="340e6bba-7e3d-842d-7ee1-669ddc667c0c">
      <Execution id="be513d67-a2bb-4670-b804-f32a3bee555e" />
      <WebTestClass assembly="NuGetGallery.FunctionalTests, Version=1.0.0.0, Culture=neutral, PublicKeyToken=null" namespace="NuGetGallery.FunctionalTests" class="AggregateStatsInHomePage" />
    </CodedWebTest>
    <CodedWebTest name="ManagePackagesPageTest" storage="d:\github.com\nugetgallery\functionaltests\nugetgallery.functionaltests\bin\nugetgallery.functionaltests.dll" id="42a9bfc6-ed87-df50-c848-82aca2c8fd0d">
      <Execution id="db313a2f-2f21-40b2-8930-9b006a9e7369" />
      <WebTestClass assembly="NuGetGallery.FunctionalTests, Version=1.0.0.0, Culture=neutral, PublicKeyToken=null" namespace="NuGetGallery.FunctionalTests.WebUITests.PackageManagement" class="ManagePackagesPageTest" />
    </CodedWebTest>
    <UnitTest name="DownloadPackageWithNuGetCoreTest" storage="d:\github.com\nugetgallery\functionaltests\nugetgallery.functionaltests\bin\nugetgallery.functionaltests.dll" priority="0" id="04cd200b-33df-3564-ded5-686cdfe44f77">
      <Description>Downloads a package from the server and validates that the file is present in the local disk</Description>
      <Execution id="efe84e02-2fd4-4730-9a09-94f0a73e8957" />
      <TestMethod codeBase="d:/github.com/nugetgallery/functionaltests/nugetgallery.functionaltests/bin/NuGetGallery.FunctionalTests.DLL" adapterTypeName="Microsoft.VisualStudio.TestTools.TestTypes.Unit.UnitTestAdapter, Microsoft.VisualStudio.QualityTools.Tips.UnitTest.Adapter, Version=11.0.0.0, Culture=neutral, PublicKeyToken=b03f5f7f11d50a3a" className="NuGetGallery.FunctionalTests.NuGetCoreTests, NuGetGallery.FunctionalTests, Version=1.0.0.0, Culture=neutral, PublicKeyToken=null" name="DownloadPackageWithNuGetCoreTest" />
    </UnitTest>
    <CodedWebTest name="StatisticsPageTest" storage="d:\github.com\nugetgallery\functionaltests\nugetgallery.functionaltests\bin\nugetgallery.functionaltests.dll" id="9ad6e2e2-a082-8088-00f6-e05079fd89a0">
      <Execution id="d9d1e049-16fb-457c-b196-ce9e7f752080" />
      <WebTestClass assembly="NuGetGallery.FunctionalTests, Version=1.0.0.0, Culture=neutral, PublicKeyToken=null" namespace="NuGetGallery.FunctionalTests" class="StatisticsPageTest" />
    </CodedWebTest>
    <UnitTest name="UploadAndDownLoadPackageWithDotCsNames" storage="d:\github.com\nugetgallery\functionaltests\nugetgallery.functionaltests\bin\nugetgallery.functionaltests.dll" priority="1" id="aedace0f-10de-70d5-5e45-b7227987df86">
      <Description>Creates a test package which ends with .cs and pushes it to the server using Nuget.exe</Description>
      <Execution id="03c381fa-3f46-44b0-898c-b718f77d893b" />
      <TestMethod codeBase="d:/github.com/nugetgallery/functionaltests/nugetgallery.functionaltests/bin/NuGetGallery.FunctionalTests.DLL" adapterTypeName="Microsoft.VisualStudio.TestTools.TestTypes.Unit.UnitTestAdapter, Microsoft.VisualStudio.QualityTools.Tips.UnitTest.Adapter, Version=11.0.0.0, Culture=neutral, PublicKeyToken=b03f5f7f11d50a3a" className="NuGetGallery.FunctionalTests.ClientIntegrationTests.NugetCommandLineTests, NuGetGallery.FunctionalTests, Version=1.0.0.0, Culture=neutral, PublicKeyToken=null" name="UploadAndDownLoadPackageWithDotCsNames" />
    </UnitTest>
    <UnitTest name="GetUpdatesTest" storage="d:\github.com\nugetgallery\functionaltests\nugetgallery.functionaltests\bin\nugetgallery.functionaltests.dll" id="02d43bf4-c2fb-43fb-6999-a16887a86fa6">
      <Execution id="b9651a7a-d0b4-402e-83ef-110b0e8d2da7" />
      <TestMethod codeBase="d:/github.com/nugetgallery/functionaltests/nugetgallery.functionaltests/bin/NuGetGallery.FunctionalTests.DLL" adapterTypeName="Microsoft.VisualStudio.TestTools.TestTypes.Unit.UnitTestAdapter, Microsoft.VisualStudio.QualityTools.Tips.UnitTest.Adapter, Version=11.0.0.0, Culture=neutral, PublicKeyToken=b03f5f7f11d50a3a" className="NuGetGallery.FunctionalTests.ODataTests.V2FeedTest, NuGetGallery.FunctionalTests, Version=1.0.0.0, Culture=neutral, PublicKeyToken=null" name="GetUpdatesTest" />
    </UnitTest>
    <CodedWebTest name="UploadPackageWithoutLoginTest" storage="d:\github.com\nugetgallery\functionaltests\nugetgallery.functionaltests\bin\nugetgallery.functionaltests.dll" id="0449da0f-5881-ffca-f9d0-f7c0ad709071">
      <Execution id="f5c283da-0541-487a-af7d-42e4800fcb0f" />
      <WebTestClass assembly="NuGetGallery.FunctionalTests, Version=1.0.0.0, Culture=neutral, PublicKeyToken=null" namespace="NuGetGallery.FunctionalTests" class="UploadPackageWithoutLoginTest" />
    </CodedWebTest>
    <CodedWebTest name="UploadPackageFromUI" storage="d:\github.com\nugetgallery\functionaltests\nugetgallery.functionaltests\bin\nugetgallery.functionaltests.dll" id="80baf145-2a87-1c50-450f-57e4de9d3b4f">
      <Execution id="80734aa2-f2d8-44df-b80f-a8b071d2bf90" />
      <WebTestClass assembly="NuGetGallery.FunctionalTests, Version=1.0.0.0, Culture=neutral, PublicKeyToken=null" namespace="NuGetGallery.FunctionalTests" class="UploadPackageFromUI" />
    </CodedWebTest>
    <UnitTest name="DownloadPackageFromV2Feed" storage="d:\github.com\nugetgallery\functionaltests\nugetgallery.functionaltests\bin\nugetgallery.functionaltests.dll" priority="0" id="cc44bdbd-ce3e-69f6-f020-1fcb65293738">
      <Description>Downloads a package from the V2 feed and checks if the file is present on local disk</Description>
      <Execution id="2f603cd3-ec5e-4e2d-b982-7d80d333cb62" />
      <TestMethod codeBase="d:/github.com/nugetgallery/functionaltests/nugetgallery.functionaltests/bin/NuGetGallery.FunctionalTests.DLL" adapterTypeName="Microsoft.VisualStudio.TestTools.TestTypes.Unit.UnitTestAdapter, Microsoft.VisualStudio.QualityTools.Tips.UnitTest.Adapter, Version=11.0.0.0, Culture=neutral, PublicKeyToken=b03f5f7f11d50a3a" className="NuGetGallery.FunctionalTests.ODataFeedTests.V2FeedTest, NuGetGallery.FunctionalTests, Version=1.0.0.0, Culture=neutral, PublicKeyToken=null" name="DownloadPackageFromV2Feed" />
    </UnitTest>
    <CodedWebTest name="RegisterNewUserTest" storage="d:\github.com\nugetgallery\functionaltests\nugetgallery.functionaltests\bin\nugetgallery.functionaltests.dll" id="428c8a13-f822-cffc-6ae0-78452d15e1fb">
      <Execution id="29614c2d-1d36-4d0f-bfab-6894ba117738" />
      <WebTestClass assembly="NuGetGallery.FunctionalTests, Version=1.0.0.0, Culture=neutral, PublicKeyToken=null" namespace="NuGetGallery.FunctionalTests" class="RegisterNewUserTest" />
    </CodedWebTest>
    <CodedWebTest name="PackagesPageTest" storage="d:\github.com\nugetgallery\functionaltests\nugetgallery.functionaltests\bin\nugetgallery.functionaltests.dll" id="5ceca307-8fd2-e863-65bb-d8151e5dafba">
      <Execution id="90021947-7451-4535-8920-7d4b104ca409" />
      <WebTestClass assembly="NuGetGallery.FunctionalTests, Version=1.0.0.0, Culture=neutral, PublicKeyToken=null" namespace="NuGetGallery.FunctionalTests" class="PackagesPageTest" />
    </CodedWebTest>
    <UnitTest name="DownPackageWithNuGetCommandLineTest" storage="d:\github.com\nugetgallery\functionaltests\nugetgallery.functionaltests\bin\nugetgallery.functionaltests.dll" priority="0" id="f206f30d-af4b-ae66-9032-732bc03336c1">
      <Description>Downloads a package using NuGet.exe and checks if the package file is present in the output dir</Description>
      <Execution id="4bd9f34c-1ff6-4c85-a3df-6d8db5ecb10b" />
      <TestMethod codeBase="d:/github.com/nugetgallery/functionaltests/nugetgallery.functionaltests/bin/NuGetGallery.FunctionalTests.DLL" adapterTypeName="Microsoft.VisualStudio.TestTools.TestTypes.Unit.UnitTestAdapter, Microsoft.VisualStudio.QualityTools.Tips.UnitTest.Adapter, Version=11.0.0.0, Culture=neutral, PublicKeyToken=b03f5f7f11d50a3a" className="NuGetGallery.FunctionalTests.ClientIntegrationTests.NugetCommandLineTests, NuGetGallery.FunctionalTests, Version=1.0.0.0, Culture=neutral, PublicKeyToken=null" name="DownPackageWithNuGetCommandLineTest" />
    </UnitTest>
    <CodedWebTest name="ContactUsAndReportAbuseLinkTest" storage="d:\github.com\nugetgallery\functionaltests\nugetgallery.functionaltests\bin\nugetgallery.functionaltests.dll" id="e95ef3f5-4ae2-36dc-5d98-7ace7daaf2ea">
      <Execution id="ea57eb96-ad92-4a8c-85f8-85026e056d61" />
      <WebTestClass assembly="NuGetGallery.FunctionalTests, Version=1.0.0.0, Culture=neutral, PublicKeyToken=null" namespace="NuGetGallery.FunctionalTests.WebUITests.PackageManagement" class="ContactUsAndReportAbuseLinkTest" />
    </CodedWebTest>
    <CodedWebTest name="UploadPackageWithMinClientVersionFromUITest" storage="d:\github.com\nugetgallery\functionaltests\nugetgallery.functionaltests\bin\nugetgallery.functionaltests.dll" id="336cce10-fc9c-411f-b491-c5f9f404e7b7">
      <Execution id="b96a843d-ff39-4bcd-972d-d57698cfcd73" />
      <WebTestClass assembly="NuGetGallery.FunctionalTests, Version=1.0.0.0, Culture=neutral, PublicKeyToken=null" namespace="NuGetGallery.FunctionalTests.WebUITests.PackageManagement" class="UploadPackageWithMinClientVersionFromUITest" />
    </CodedWebTest>
    <UnitTest name="UploadPackageWithNuGetCommandLineTest" storage="d:\github.com\nugetgallery\functionaltests\nugetgallery.functionaltests\bin\nugetgallery.functionaltests.dll" priority="0" id="baeffb56-e5a3-71a3-dcf4-ca714ba14856">
      <Description>Creates a test package and pushes it to the server using Nuget.exe</Description>
      <Execution id="a06ac2e6-9994-4fa4-9ab2-816364e546e9" />
      <TestMethod codeBase="d:/github.com/nugetgallery/functionaltests/nugetgallery.functionaltests/bin/NuGetGallery.FunctionalTests.DLL" adapterTypeName="Microsoft.VisualStudio.TestTools.TestTypes.Unit.UnitTestAdapter, Microsoft.VisualStudio.QualityTools.Tips.UnitTest.Adapter, Version=11.0.0.0, Culture=neutral, PublicKeyToken=b03f5f7f11d50a3a" className="NuGetGallery.FunctionalTests.ClientIntegrationTests.NugetCommandLineTests, NuGetGallery.FunctionalTests, Version=1.0.0.0, Culture=neutral, PublicKeyToken=null" name="UploadPackageWithNuGetCommandLineTest" />
    </UnitTest>
    <UnitTest name="UploadAndDownLoadPackageWithMinClientVersion" storage="d:\github.com\nugetgallery\functionaltests\nugetgallery.functionaltests\bin\nugetgallery.functionaltests.dll" priority="0" id="38905457-2302-9ddf-ad04-3107d5b18355">
      <Description>Creates a test package with minclientversion tag and pushes it to the server using Nuget.exe</Description>
      <Execution id="e26156db-9700-4b04-8fdd-85a82a6dfb1c" />
      <TestMethod codeBase="d:/github.com/nugetgallery/functionaltests/nugetgallery.functionaltests/bin/NuGetGallery.FunctionalTests.DLL" adapterTypeName="Microsoft.VisualStudio.TestTools.TestTypes.Unit.UnitTestAdapter, Microsoft.VisualStudio.QualityTools.Tips.UnitTest.Adapter, Version=11.0.0.0, Culture=neutral, PublicKeyToken=b03f5f7f11d50a3a" className="NuGetGallery.FunctionalTests.ClientIntegrationTests.NugetCommandLineTests, NuGetGallery.FunctionalTests, Version=1.0.0.0, Culture=neutral, PublicKeyToken=null" name="UploadAndDownLoadPackageWithMinClientVersion" />
    </UnitTest>
    <CodedWebTest name="DeletePackageTest" storage="d:\github.com\nugetgallery\functionaltests\nugetgallery.functionaltests\bin\nugetgallery.functionaltests.dll" id="9387a1a2-3523-2e44-8030-533d344923cf">
      <Execution id="4404770e-f385-4507-99e0-38c74933a51c" />
      <WebTestClass assembly="NuGetGallery.FunctionalTests, Version=1.0.0.0, Culture=neutral, PublicKeyToken=null" namespace="NuGetGallery.FunctionalTests" class="DeletePackageTest" />
    </CodedWebTest>
    <CodedWebTest name="ReadOnlyModeRegisterNewUserTest" storage="d:\github.com\nugetgallery\functionaltests\nugetgallery.functionaltests\bin\nugetgallery.functionaltests.dll" id="c320789f-a801-c187-e7d8-0f17b24ff835">
      <Execution id="63f37571-040e-4d84-a3fc-eade19e4a377" />
      <WebTestClass assembly="NuGetGallery.FunctionalTests, Version=1.0.0.0, Culture=neutral, PublicKeyToken=null" namespace="NuGetGallery.FunctionalTests" class="ReadOnlyModeRegisterNewUserTest" />
    </CodedWebTest>
  </TestDefinitions>
  <TestLists>
    <TestList name="Results Not in a List" id="8c84fa94-04c1-424b-9868-57a2d4851a1d" />
    <TestList name="P0Tests" id="01372d05-1ac1-4f00-ac37-5ca977686e4e" parentListId="8c43106b-9dc1-4907-a29f-aa66a61bf5b6">
      <TestLinks>
        <TestLink id="d527504e-456c-ed4a-8eba-7c20c18ba47d" name="HomePageValidationTest" storage="d:\github.com\nugetgallery\functionaltests\nugetgallery.functionaltests\bin\nugetgallery.functionaltests.dll" type="Microsoft.VisualStudio.TestTools.WebStress.CodedWebTestElement, Microsoft.VisualStudio.QualityTools.LoadTest,   PublicKeyToken=b03f5f7f11d50a3a" />
        <TestLink id="a1c602d9-292b-1042-380c-707cec091de9" name="LogonTest" storage="d:\github.com\nugetgallery\functionaltests\nugetgallery.functionaltests\bin\nugetgallery.functionaltests.dll" type="Microsoft.VisualStudio.TestTools.WebStress.CodedWebTestElement, Microsoft.VisualStudio.QualityTools.LoadTest,   PublicKeyToken=b03f5f7f11d50a3a" />
        <TestLink id="80baf145-2a87-1c50-450f-57e4de9d3b4f" name="UploadPackageFromUI" storage="d:\github.com\nugetgallery\functionaltests\nugetgallery.functionaltests\bin\nugetgallery.functionaltests.dll" type="Microsoft.VisualStudio.TestTools.WebStress.CodedWebTestElement, Microsoft.VisualStudio.QualityTools.LoadTest,   PublicKeyToken=b03f5f7f11d50a3a" />
        <TestLink id="cc44bdbd-ce3e-69f6-f020-1fcb65293738" name="DownloadPackageFromV2Feed" storage="d:\github.com\nugetgallery\functionaltests\nugetgallery.functionaltests\bin\nugetgallery.functionaltests.dll" type="Microsoft.VisualStudio.TestTools.TestTypes.Unit.UnitTestElement, Microsoft.VisualStudio.QualityTools.Tips.UnitTest.ObjectModel, Version=11.0.0.0, Culture=neutral, PublicKeyToken=b03f5f7f11d50a3a" />
        <TestLink id="916d542f-9953-383f-a9cc-e87980667cf3" name="RestorePackageFromV2Feed" storage="d:\github.com\nugetgallery\functionaltests\nugetgallery.functionaltests\bin\nugetgallery.functionaltests.dll" type="Microsoft.VisualStudio.TestTools.TestTypes.Unit.UnitTestElement, Microsoft.VisualStudio.QualityTools.Tips.UnitTest.ObjectModel, Version=11.0.0.0, Culture=neutral, PublicKeyToken=b03f5f7f11d50a3a" />
      </TestLinks>
    </TestList>
    <TestList name="ReadOnlyModeTests" id="f9b8ac1f-7978-4738-afc2-6918b063e5c3" parentListId="8c43106b-9dc1-4907-a29f-aa66a61bf5b6">
      <TestLinks>
        <TestLink id="c320789f-a801-c187-e7d8-0f17b24ff835" name="ReadOnlyModeRegisterNewUserTest" storage="d:\github.com\nugetgallery\functionaltests\nugetgallery.functionaltests\bin\nugetgallery.functionaltests.dll" type="Microsoft.VisualStudio.TestTools.WebStress.CodedWebTestElement, Microsoft.VisualStudio.QualityTools.LoadTest,   PublicKeyToken=b03f5f7f11d50a3a" />
        <TestLink id="04cd200b-33df-3564-ded5-686cdfe44f77" name="DownloadPackageWithNuGetCoreTest" storage="d:\github.com\nugetgallery\functionaltests\nugetgallery.functionaltests\bin\nugetgallery.functionaltests.dll" type="Microsoft.VisualStudio.TestTools.TestTypes.Unit.UnitTestElement, Microsoft.VisualStudio.QualityTools.Tips.UnitTest.ObjectModel, Version=11.0.0.0, Culture=neutral, PublicKeyToken=b03f5f7f11d50a3a" />
        <TestLink id="9ad6e2e2-a082-8088-00f6-e05079fd89a0" name="StatisticsPageTest" storage="d:\github.com\nugetgallery\functionaltests\nugetgallery.functionaltests\bin\nugetgallery.functionaltests.dll" type="Microsoft.VisualStudio.TestTools.WebStress.CodedWebTestElement, Microsoft.VisualStudio.QualityTools.LoadTest,   PublicKeyToken=b03f5f7f11d50a3a" />
        <TestLink id="f206f30d-af4b-ae66-9032-732bc03336c1" name="DownPackageWithNuGetCommandLineTest" storage="d:\github.com\nugetgallery\functionaltests\nugetgallery.functionaltests\bin\nugetgallery.functionaltests.dll" type="Microsoft.VisualStudio.TestTools.TestTypes.Unit.UnitTestElement, Microsoft.VisualStudio.QualityTools.Tips.UnitTest.ObjectModel, Version=11.0.0.0, Culture=neutral, PublicKeyToken=b03f5f7f11d50a3a" />
        <TestLink id="d527504e-456c-ed4a-8eba-7c20c18ba47d" name="HomePageValidationTest" storage="d:\github.com\nugetgallery\functionaltests\nugetgallery.functionaltests\bin\nugetgallery.functionaltests.dll" type="Microsoft.VisualStudio.TestTools.WebStress.CodedWebTestElement, Microsoft.VisualStudio.QualityTools.LoadTest,   PublicKeyToken=b03f5f7f11d50a3a" />
        <TestLink id="a1c602d9-292b-1042-380c-707cec091de9" name="LogonTest" storage="d:\github.com\nugetgallery\functionaltests\nugetgallery.functionaltests\bin\nugetgallery.functionaltests.dll" type="Microsoft.VisualStudio.TestTools.WebStress.CodedWebTestElement, Microsoft.VisualStudio.QualityTools.LoadTest,   PublicKeyToken=b03f5f7f11d50a3a" />
      </TestLinks>
    </TestList>
    <TestList name="AllHappyPathTests" id="b836686b-8922-4ce2-8bcc-bd368809954a" parentListId="8c43106b-9dc1-4907-a29f-aa66a61bf5b6">
      <TestLinks>
        <TestLink id="916d542f-9953-383f-a9cc-e87980667cf3" name="RestorePackageFromV2Feed" storage="d:\github.com\nugetgallery\functionaltests\nugetgallery.functionaltests\bin\nugetgallery.functionaltests.dll" type="Microsoft.VisualStudio.TestTools.TestTypes.Unit.UnitTestElement, Microsoft.VisualStudio.QualityTools.Tips.UnitTest.ObjectModel, Version=11.0.0.0, Culture=neutral, PublicKeyToken=b03f5f7f11d50a3a" />
        <TestLink id="04cd200b-33df-3564-ded5-686cdfe44f77" name="DownloadPackageWithNuGetCoreTest" storage="d:\github.com\nugetgallery\functionaltests\nugetgallery.functionaltests\bin\nugetgallery.functionaltests.dll" type="Microsoft.VisualStudio.TestTools.TestTypes.Unit.UnitTestElement, Microsoft.VisualStudio.QualityTools.Tips.UnitTest.ObjectModel, Version=11.0.0.0, Culture=neutral, PublicKeyToken=b03f5f7f11d50a3a" />
        <TestLink id="0449da0f-5881-ffca-f9d0-f7c0ad709071" name="UploadPackageWithoutLoginTest" storage="d:\github.com\nugetgallery\functionaltests\nugetgallery.functionaltests\bin\nugetgallery.functionaltests.dll" type="Microsoft.VisualStudio.TestTools.WebStress.CodedWebTestElement, Microsoft.VisualStudio.QualityTools.LoadTest,   PublicKeyToken=b03f5f7f11d50a3a" />
        <TestLink id="42a9bfc6-ed87-df50-c848-82aca2c8fd0d" name="ManagePackagesPageTest" storage="d:\github.com\nugetgallery\functionaltests\nugetgallery.functionaltests\bin\nugetgallery.functionaltests.dll" type="Microsoft.VisualStudio.TestTools.WebStress.CodedWebTestElement, Microsoft.VisualStudio.QualityTools.LoadTest,   PublicKeyToken=b03f5f7f11d50a3a" />
        <TestLink id="428c8a13-f822-cffc-6ae0-78452d15e1fb" name="RegisterNewUserTest" storage="d:\github.com\nugetgallery\functionaltests\nugetgallery.functionaltests\bin\nugetgallery.functionaltests.dll" type="Microsoft.VisualStudio.TestTools.WebStress.CodedWebTestElement, Microsoft.VisualStudio.QualityTools.LoadTest,   PublicKeyToken=b03f5f7f11d50a3a" />
        <TestLink id="a6f81ddd-4476-9109-b107-ff9673898e71" name="ContactOwnerTest" storage="d:\github.com\nugetgallery\functionaltests\nugetgallery.functionaltests\bin\nugetgallery.functionaltests.dll" type="Microsoft.VisualStudio.TestTools.WebStress.CodedWebTestElement, Microsoft.VisualStudio.QualityTools.LoadTest,   PublicKeyToken=b03f5f7f11d50a3a" />
        <TestLink id="f206f30d-af4b-ae66-9032-732bc03336c1" name="DownPackageWithNuGetCommandLineTest" storage="d:\github.com\nugetgallery\functionaltests\nugetgallery.functionaltests\bin\nugetgallery.functionaltests.dll" type="Microsoft.VisualStudio.TestTools.TestTypes.Unit.UnitTestElement, Microsoft.VisualStudio.QualityTools.Tips.UnitTest.ObjectModel, Version=11.0.0.0, Culture=neutral, PublicKeyToken=b03f5f7f11d50a3a" />
        <TestLink id="d527504e-456c-ed4a-8eba-7c20c18ba47d" name="HomePageValidationTest" storage="d:\github.com\nugetgallery\functionaltests\nugetgallery.functionaltests\bin\nugetgallery.functionaltests.dll" type="Microsoft.VisualStudio.TestTools.WebStress.CodedWebTestElement, Microsoft.VisualStudio.QualityTools.LoadTest,   PublicKeyToken=b03f5f7f11d50a3a" />
        <TestLink id="9387a1a2-3523-2e44-8030-533d344923cf" name="DeletePackageTest" storage="d:\github.com\nugetgallery\functionaltests\nugetgallery.functionaltests\bin\nugetgallery.functionaltests.dll" type="Microsoft.VisualStudio.TestTools.WebStress.CodedWebTestElement, Microsoft.VisualStudio.QualityTools.LoadTest,   PublicKeyToken=b03f5f7f11d50a3a" />
        <TestLink id="80baf145-2a87-1c50-450f-57e4de9d3b4f" name="UploadPackageFromUI" storage="d:\github.com\nugetgallery\functionaltests\nugetgallery.functionaltests\bin\nugetgallery.functionaltests.dll" type="Microsoft.VisualStudio.TestTools.WebStress.CodedWebTestElement, Microsoft.VisualStudio.QualityTools.LoadTest,   PublicKeyToken=b03f5f7f11d50a3a" />
        <TestLink id="5ceca307-8fd2-e863-65bb-d8151e5dafba" name="PackagesPageTest" storage="d:\github.com\nugetgallery\functionaltests\nugetgallery.functionaltests\bin\nugetgallery.functionaltests.dll" type="Microsoft.VisualStudio.TestTools.WebStress.CodedWebTestElement, Microsoft.VisualStudio.QualityTools.LoadTest,   PublicKeyToken=b03f5f7f11d50a3a" />
        <TestLink id="02d43bf4-c2fb-43fb-6999-a16887a86fa6" name="GetUpdatesTest" storage="d:\github.com\nugetgallery\functionaltests\nugetgallery.functionaltests\bin\nugetgallery.functionaltests.dll" type="Microsoft.VisualStudio.TestTools.TestTypes.Unit.UnitTestElement, Microsoft.VisualStudio.QualityTools.Tips.UnitTest.ObjectModel, Version=11.0.0.0, Culture=neutral, PublicKeyToken=b03f5f7f11d50a3a" />
        <TestLink id="5d62a4b0-dcba-4028-434b-2b747b4c411f" name="UploadMultipleVersionOfPackage" storage="d:\github.com\nugetgallery\functionaltests\nugetgallery.functionaltests\bin\nugetgallery.functionaltests.dll" type="Microsoft.VisualStudio.TestTools.TestTypes.Unit.UnitTestElement, Microsoft.VisualStudio.QualityTools.Tips.UnitTest.ObjectModel, Version=11.0.0.0, Culture=neutral, PublicKeyToken=b03f5f7f11d50a3a" />
        <TestLink id="baeffb56-e5a3-71a3-dcf4-ca714ba14856" name="UploadPackageWithNuGetCommandLineTest" storage="d:\github.com\nugetgallery\functionaltests\nugetgallery.functionaltests\bin\nugetgallery.functionaltests.dll" type="Microsoft.VisualStudio.TestTools.TestTypes.Unit.UnitTestElement, Microsoft.VisualStudio.QualityTools.Tips.UnitTest.ObjectModel, Version=11.0.0.0, Culture=neutral, PublicKeyToken=b03f5f7f11d50a3a" />
        <TestLink id="cc44bdbd-ce3e-69f6-f020-1fcb65293738" name="DownloadPackageFromV2Feed" storage="d:\github.com\nugetgallery\functionaltests\nugetgallery.functionaltests\bin\nugetgallery.functionaltests.dll" type="Microsoft.VisualStudio.TestTools.TestTypes.Unit.UnitTestElement, Microsoft.VisualStudio.QualityTools.Tips.UnitTest.ObjectModel, Version=11.0.0.0, Culture=neutral, PublicKeyToken=b03f5f7f11d50a3a" />
        <TestLink id="2a6c6363-3869-0c15-2d51-409738bef970" name="FindPackagesByIdTest" storage="d:\github.com\nugetgallery\functionaltests\nugetgallery.functionaltests\bin\nugetgallery.functionaltests.dll" type="Microsoft.VisualStudio.TestTools.TestTypes.Unit.UnitTestElement, Microsoft.VisualStudio.QualityTools.Tips.UnitTest.ObjectModel, Version=11.0.0.0, Culture=neutral, PublicKeyToken=b03f5f7f11d50a3a" />
        <TestLink id="a1c602d9-292b-1042-380c-707cec091de9" name="LogonTest" storage="d:\github.com\nugetgallery\functionaltests\nugetgallery.functionaltests\bin\nugetgallery.functionaltests.dll" type="Microsoft.VisualStudio.TestTools.WebStress.CodedWebTestElement, Microsoft.VisualStudio.QualityTools.LoadTest,   PublicKeyToken=b03f5f7f11d50a3a" />
      </TestLinks>
    </TestList>
    <TestList name="All Loaded Results" id="19431567-8539-422a-85d7-44ee4e166bda" />
    <TestList name="Lists of Results" id="8c43106b-9dc1-4907-a29f-aa66a61bf5b6" />
  </TestLists>
  <TestEntries>
    <TestEntry testId="916d542f-9953-383f-a9cc-e87980667cf3" executionId="e53a506e-7698-4ed9-9ae0-4e27df64741c" testListId="01372d05-1ac1-4f00-ac37-5ca977686e4e" />
    <TestEntry isTransparent="false" testId="a1c602d9-292b-1042-380c-707cec091de9" executionId="aa0f58c3-e78b-484a-9cd3-5e01f05c3ea7" testListId="01372d05-1ac1-4f00-ac37-5ca977686e4e" />
    <TestEntry isTransparent="false" testId="80baf145-2a87-1c50-450f-57e4de9d3b4f" executionId="08b291be-5847-411e-bb73-63c217a4f81d" testListId="01372d05-1ac1-4f00-ac37-5ca977686e4e" />
    <TestEntry testId="cc44bdbd-ce3e-69f6-f020-1fcb65293738" executionId="8a5ab165-e264-40a6-a59c-11562ac9b3e7" testListId="01372d05-1ac1-4f00-ac37-5ca977686e4e" />
    <TestEntry isTransparent="false" testId="d527504e-456c-ed4a-8eba-7c20c18ba47d" executionId="f4a9367c-397f-42d3-ae36-8002e0f47a20" testListId="01372d05-1ac1-4f00-ac37-5ca977686e4e" />
    <TestEntry isTransparent="false" testId="5ceca307-8fd2-e863-65bb-d8151e5dafba" executionId="90021947-7451-4535-8920-7d4b104ca409" testListId="b836686b-8922-4ce2-8bcc-bd368809954a" />
    <TestEntry isTransparent="false" testId="80baf145-2a87-1c50-450f-57e4de9d3b4f" executionId="80734aa2-f2d8-44df-b80f-a8b071d2bf90" testListId="b836686b-8922-4ce2-8bcc-bd368809954a" />
    <TestEntry isTransparent="false" testId="42a9bfc6-ed87-df50-c848-82aca2c8fd0d" executionId="db313a2f-2f21-40b2-8930-9b006a9e7369" testListId="b836686b-8922-4ce2-8bcc-bd368809954a" />
    <TestEntry isTransparent="false" testId="a1c602d9-292b-1042-380c-707cec091de9" executionId="8c39cf45-f572-43be-804c-5ad0073934e0" testListId="b836686b-8922-4ce2-8bcc-bd368809954a" />
    <TestEntry testId="2a6c6363-3869-0c15-2d51-409738bef970" executionId="e63940d0-13ba-44df-aaba-3290ca537cde" testListId="b836686b-8922-4ce2-8bcc-bd368809954a" />
    <TestEntry isTransparent="false" testId="a6f81ddd-4476-9109-b107-ff9673898e71" executionId="de511192-dd5e-4387-ad44-50eeea39fc2e" testListId="b836686b-8922-4ce2-8bcc-bd368809954a" />
    <TestEntry testId="cc44bdbd-ce3e-69f6-f020-1fcb65293738" executionId="2f603cd3-ec5e-4e2d-b982-7d80d333cb62" testListId="b836686b-8922-4ce2-8bcc-bd368809954a" />
    <TestEntry testId="916d542f-9953-383f-a9cc-e87980667cf3" executionId="bede96c0-b542-43d6-94d0-a0f078e89bff" testListId="b836686b-8922-4ce2-8bcc-bd368809954a" />
    <TestEntry isTransparent="false" testId="d527504e-456c-ed4a-8eba-7c20c18ba47d" executionId="32a83cfd-c9eb-451b-9505-6f07e4313619" testListId="b836686b-8922-4ce2-8bcc-bd368809954a" />
    <TestEntry testId="baeffb56-e5a3-71a3-dcf4-ca714ba14856" executionId="a06ac2e6-9994-4fa4-9ab2-816364e546e9" testListId="b836686b-8922-4ce2-8bcc-bd368809954a" />
    <TestEntry testId="02d43bf4-c2fb-43fb-6999-a16887a86fa6" executionId="b9651a7a-d0b4-402e-83ef-110b0e8d2da7" testListId="b836686b-8922-4ce2-8bcc-bd368809954a" />
    <TestEntry testId="f206f30d-af4b-ae66-9032-732bc03336c1" executionId="b4970b49-3e18-42b1-99e1-88526d8bf000" testListId="b836686b-8922-4ce2-8bcc-bd368809954a" />
    <TestEntry isTransparent="false" testId="0449da0f-5881-ffca-f9d0-f7c0ad709071" executionId="f5c283da-0541-487a-af7d-42e4800fcb0f" testListId="b836686b-8922-4ce2-8bcc-bd368809954a" />
    <TestEntry isTransparent="false" testId="428c8a13-f822-cffc-6ae0-78452d15e1fb" executionId="29614c2d-1d36-4d0f-bfab-6894ba117738" testListId="b836686b-8922-4ce2-8bcc-bd368809954a" />
    <TestEntry testId="5d62a4b0-dcba-4028-434b-2b747b4c411f" executionId="495c6bfc-2ea3-4301-ac1a-f4dd3663032e" testListId="b836686b-8922-4ce2-8bcc-bd368809954a" />
    <TestEntry isTransparent="false" testId="9387a1a2-3523-2e44-8030-533d344923cf" executionId="4404770e-f385-4507-99e0-38c74933a51c" testListId="b836686b-8922-4ce2-8bcc-bd368809954a" />
    <TestEntry testId="04cd200b-33df-3564-ded5-686cdfe44f77" executionId="01790427-7ed7-43eb-ab5c-dc8f59714359" testListId="b836686b-8922-4ce2-8bcc-bd368809954a" />
    <TestEntry isTransparent="false" testId="9ad6e2e2-a082-8088-00f6-e05079fd89a0" executionId="d9d1e049-16fb-457c-b196-ce9e7f752080" testListId="f9b8ac1f-7978-4738-afc2-6918b063e5c3" />
    <TestEntry isTransparent="false" testId="a1c602d9-292b-1042-380c-707cec091de9" executionId="c6425e85-5592-424e-b8e0-793984418833" testListId="f9b8ac1f-7978-4738-afc2-6918b063e5c3" />
    <TestEntry testId="f206f30d-af4b-ae66-9032-732bc03336c1" executionId="4bd9f34c-1ff6-4c85-a3df-6d8db5ecb10b" testListId="f9b8ac1f-7978-4738-afc2-6918b063e5c3" />
    <TestEntry isTransparent="false" testId="c320789f-a801-c187-e7d8-0f17b24ff835" executionId="63f37571-040e-4d84-a3fc-eade19e4a377" testListId="f9b8ac1f-7978-4738-afc2-6918b063e5c3" />
    <TestEntry testId="04cd200b-33df-3564-ded5-686cdfe44f77" executionId="efe84e02-2fd4-4730-9a09-94f0a73e8957" testListId="f9b8ac1f-7978-4738-afc2-6918b063e5c3" />
    <TestEntry isTransparent="false" testId="d527504e-456c-ed4a-8eba-7c20c18ba47d" executionId="a58606de-7587-45c5-a1a0-745db132cbaa" testListId="f9b8ac1f-7978-4738-afc2-6918b063e5c3" />
    <TestEntry testId="38905457-2302-9ddf-ad04-3107d5b18355" executionId="e26156db-9700-4b04-8fdd-85a82a6dfb1c" testListId="8c84fa94-04c1-424b-9868-57a2d4851a1d" />
    <TestEntry testId="aedace0f-10de-70d5-5e45-b7227987df86" executionId="03c381fa-3f46-44b0-898c-b718f77d893b" testListId="8c84fa94-04c1-424b-9868-57a2d4851a1d" />
    <TestEntry testId="2653a81d-b439-f73a-c036-efc0ec29de69" executionId="358774a8-3492-4ab4-a4ab-e2ab8228bcf0" testListId="8c84fa94-04c1-424b-9868-57a2d4851a1d" />
    <TestEntry isTransparent="false" testId="5d66c021-336a-34c0-9414-19ea84bd29bc" executionId="39093511-550a-4fc1-9402-73cc31e968d9" testListId="8c84fa94-04c1-424b-9868-57a2d4851a1d" />
    <TestEntry isTransparent="false" testId="d53feaf3-be7c-3e85-2afa-d33fc0e450a3" executionId="35843160-3c8c-486c-ae8d-5eb1a5a7449c" testListId="8c84fa94-04c1-424b-9868-57a2d4851a1d" />
    <TestEntry isTransparent="false" testId="e95ef3f5-4ae2-36dc-5d98-7ace7daaf2ea" executionId="ea57eb96-ad92-4a8c-85f8-85026e056d61" testListId="8c84fa94-04c1-424b-9868-57a2d4851a1d" />
    <TestEntry isTransparent="false" testId="336cce10-fc9c-411f-b491-c5f9f404e7b7" executionId="b96a843d-ff39-4bcd-972d-d57698cfcd73" testListId="8c84fa94-04c1-424b-9868-57a2d4851a1d" />
    <TestEntry isTransparent="false" testId="340e6bba-7e3d-842d-7ee1-669ddc667c0c" executionId="be513d67-a2bb-4670-b804-f32a3bee555e" testListId="8c84fa94-04c1-424b-9868-57a2d4851a1d" />
    <TestEntry isTransparent="false" testId="6c390634-83d7-955a-87c4-b41e59b8d7ae" executionId="aecb4440-d8a6-4f7f-a62e-62381dfaa5d2" testListId="8c84fa94-04c1-424b-9868-57a2d4851a1d" />
  </TestEntries>
  <Results>
    <UnitTestResult executionId="e53a506e-7698-4ed9-9ae0-4e27df64741c" testId="916d542f-9953-383f-a9cc-e87980667cf3" testName="RestorePackageFromV2Feed" computerName="CLAYCO7" startTime="2013-04-16T20:11:28.3814304-07:00" endTime="2013-04-16T20:11:30.6574569-07:00" testType="13cdc9d9-ddb5-4fa4-a97d-d965ccfc6d4b" outcome="Failed" testListId="01372d05-1ac1-4f00-ac37-5ca977686e4e" relativeResultsDirectory="e53a506e-7698-4ed9-9ae0-4e27df64741c">
      <Output>
        <ErrorInfo>
          <Message>Assembly Initialization method NuGetGallery.FunctionalTests.TestBase.GalleryTestBase.ClassInit threw exception. System.InvalidOperationException: System.InvalidOperationException: An error occurred while loading packages from'http://qa.nugettest.org/ api/v2/': The remote server returned an error: (404) Not Found. ---&gt; System.Net.WebException: The remote server returned an error: (404) Not Found.. Aborting test execution.</Message>
          <StackTrace>    at System.Net.HttpWebRequest.GetResponse()
   at NuGet.RequestHelper.GetResponse(Func`1 createRequest, Action`1 prepareRequest, IProxyCache proxyCache, ICredentialCache credentialCache, ICredentialProvider credentialProvider)
   at NuGet.HttpClient.GetResponse()
   at NuGet.RedirectedHttpClient.GetResponseUri(HttpClient client)
   at NuGet.RedirectedHttpClient.EnsureClient()
   at System.Lazy`1.CreateValue()
   at System.Lazy`1.LazyInitValue()
   at System.Lazy`1.get_Value()
   at NuGet.MemoryCache.GetOrAdd[T](Object cacheKey, Func`1 factory, TimeSpan expiration, Boolean absoluteExpiration)
   at NuGet.RedirectedHttpClient.get_CachedClient()
   at NuGet.RedirectedHttpClient.get_Uri()
   at NuGet.DataServicePackageRepository.get_Context()
   at NuGet.DataServicePackageRepository.FindPackagesById(String packageId)
 --- End of inner exception stack trace ---
    at NuGet.DataServicePackageRepository.FindPackagesById(String packageId)
   at NuGet.PackageRepositoryExtensions.FindPackagesById(IPackageRepository repository, String packageId)
   at NuGet.PackageRepositoryExtensions.FindPackage(IPackageRepository repository, String packageId, SemanticVersion version, IPackageConstraintProvider constraintProvider, Boolean allowPrereleaseVersions, Boolean allowUnlisted)
   at NuGet.PackageRepositoryExtensions.FindPackage(IPackageRepository repository, String packageId)
   at NuGetGallery.FunctionTests.Helpers.ClientSDKHelper.CheckIfPackageExistsInSource(String packageId, String sourceUrl) in d:\github.com\NuGetGallery\FunctionalTests\NuGetGallery.FunctionalTests.Helpers\ClientSDKHelper.cs:line 152
   at NuGetGallery.FunctionalTests.TestBase.GalleryTestBase.ClassInit(TestContext context) in d:\github.com\NuGetGallery\FunctionalTests\NuGetGallery.FunctionalTests\TestBase\GalleryTestBase.cs:line 27
</StackTrace>
        </ErrorInfo>
      </Output>
    </UnitTestResult>
    <WebTestResult executionId="aa0f58c3-e78b-484a-9cd3-5e01f05c3ea7" testId="a1c602d9-292b-1042-380c-707cec091de9" testName="LogonTest" computerName="CLAYCO7" duration="00:00:00.2290686" startTime="2013-04-16T20:11:30.7175097-07:00" endTime="2013-04-16T20:11:41.5103292-07:00" testType="37e36796-fb51-4610-8d5c-e00ceaa68b9f" testListId="01372d05-1ac1-4f00-ac37-5ca977686e4e" relativeResultsDirectory="aa0f58c3-e78b-484a-9cd3-5e01f05c3ea7">
      <Output>
        <ErrorInfo>
          <Message>Exception occurred: There is no context parameter with the name '$HIDDEN1.__RequestVerificationToken' in the WebTestContext</Message>
          <StackTrace>   at Microsoft.VisualStudio.TestTools.WebTesting.WebTestContext.get_Item(String key)
   at NuGetGallery.FunctionalTests.AssertAndValidationHelper.GetLogonPostRequest(WebTest test, String accountName, String password) in d:\github.com\NuGetGallery\FunctionalTests\NuGetGallery.FunctionalTests\WebUITests\AssertAndValidationHelper.cs:line 108
   at NuGetGallery.FunctionalTests.LogonTest.&lt;GetRequestEnumerator&gt;d__0.MoveNext() in d:\github.com\NuGetGallery\FunctionalTests\NuGetGallery.FunctionalTests\WebUITests\AccountManagement\LogonTest.cs:line 29
   at Microsoft.VisualStudio.TestTools.WebStress.WebTestCaseVariation.ExecuteNextTopLevelRequest()</StackTrace>
        </ErrorInfo>
      </Output>
      <ResultFiles>
        <ResultFile path="LogonTest.webtestResult" />
      </ResultFiles>
      <TestSettings name="Local" id="62f583f0-2eca-4773-bed0-474a13faad76">
        <Description>These are default test settings for a local test run.</Description>
        <Deployment userDeploymentRoot="." useDefaultDeploymentRoot="false" runDeploymentRoot="TestResults[32]">
          <DeploymentItem filename=".nuget\NuGet.Config" />
          <DeploymentItem filename=".nuget\NuGet.exe" />
          <DeploymentItem filename=".nuget\NuGet.targets" />
        </Deployment>
        <NamingScheme baseName="TestResults" appendTimeStamp="false" useDefault="false" />
        <Execution>
          <TestTypeSpecific>
            <UnitTestRunConfig testTypeId="13cdc9d9-ddb5-4fa4-a97d-d965ccfc6d4b">
              <AssemblyResolution>
                <TestDirectory useLoadContext="true" />
              </AssemblyResolution>
            </UnitTestRunConfig>
            <WebTestRunConfiguration testTypeId="4e7599fa-5ecb-43e9-a887-cd63cf72d207">
              <Browser name="Internet Explorer 9.0" MaxConnections="6">
                <Headers>
                  <Header name="User-Agent" value="Mozilla/5.0 (compatible; MSIE 9.0; Windows NT 6.1; Trident/5.0)" />
                  <Header name="Accept" value="*/*" />
                  <Header name="Accept-Language" value="{{$IEAcceptLanguage}}" />
                  <Header name="Accept-Encoding" value="GZIP" />
                </Headers>
              </Browser>
            </WebTestRunConfiguration>
          </TestTypeSpecific>
          <AgentRule name="LocalMachineDefaultRole">
          </AgentRule>
        </Execution>
      </TestSettings>
      <WebTestResultFilePath>TestResults[32]\In\aa0f58c3-e78b-484a-9cd3-5e01f05c3ea7\LogonTest.webtestResult</WebTestResultFilePath>
    </WebTestResult>
    <WebTestResult executionId="08b291be-5847-411e-bb73-63c217a4f81d" testId="80baf145-2a87-1c50-450f-57e4de9d3b4f" testName="UploadPackageFromUI" computerName="CLAYCO7" duration="00:00:00.1207339" startTime="2013-04-16T20:11:41.5123311-07:00" endTime="2013-04-16T20:11:41.6231028-07:00" testType="37e36796-fb51-4610-8d5c-e00ceaa68b9f" testListId="01372d05-1ac1-4f00-ac37-5ca977686e4e" relativeResultsDirectory="08b291be-5847-411e-bb73-63c217a4f81d">
      <Output>
        <ErrorInfo>
          <Message>Exception occurred: There is no context parameter with the name '$HIDDEN1.__RequestVerificationToken' in the WebTestContext</Message>
          <StackTrace>   at Microsoft.VisualStudio.TestTools.WebTesting.WebTestContext.get_Item(String key)
   at NuGetGallery.FunctionalTests.AssertAndValidationHelper.GetLogonPostRequest(WebTest test, String accountName, String password) in d:\github.com\NuGetGallery\FunctionalTests\NuGetGallery.FunctionalTests\WebUITests\AssertAndValidationHelper.cs:line 108
   at NuGetGallery.FunctionalTests.UploadPackageFromUI.&lt;GetRequestEnumerator&gt;d__0.MoveNext() in d:\github.com\NuGetGallery\FunctionalTests\NuGetGallery.FunctionalTests\WebUITests\UploadAndDownload\UploadPackageFromUI.cs:line 32
   at Microsoft.VisualStudio.TestTools.WebStress.WebTestCaseVariation.ExecuteNextTopLevelRequest()</StackTrace>
        </ErrorInfo>
      </Output>
      <ResultFiles>
        <ResultFile path="UploadPackageFromUI.webtestResult" />
      </ResultFiles>
      <TestSettings name="Local" id="62f583f0-2eca-4773-bed0-474a13faad76">
        <Description>These are default test settings for a local test run.</Description>
        <Deployment userDeploymentRoot="." useDefaultDeploymentRoot="false" runDeploymentRoot="TestResults[32]">
          <DeploymentItem filename=".nuget\NuGet.Config" />
          <DeploymentItem filename=".nuget\NuGet.exe" />
          <DeploymentItem filename=".nuget\NuGet.targets" />
        </Deployment>
        <NamingScheme baseName="TestResults" appendTimeStamp="false" useDefault="false" />
        <Execution>
          <TestTypeSpecific>
            <UnitTestRunConfig testTypeId="13cdc9d9-ddb5-4fa4-a97d-d965ccfc6d4b">
              <AssemblyResolution>
                <TestDirectory useLoadContext="true" />
              </AssemblyResolution>
            </UnitTestRunConfig>
            <WebTestRunConfiguration testTypeId="4e7599fa-5ecb-43e9-a887-cd63cf72d207">
              <Browser name="Internet Explorer 9.0" MaxConnections="6">
                <Headers>
                  <Header name="User-Agent" value="Mozilla/5.0 (compatible; MSIE 9.0; Windows NT 6.1; Trident/5.0)" />
                  <Header name="Accept" value="*/*" />
                  <Header name="Accept-Language" value="en-US,en;q=0.8,zh-Hans-CN;q=0.5,zh-Hans;q=0.3" />
                  <Header name="Accept-Encoding" value="GZIP" />
                </Headers>
              </Browser>
            </WebTestRunConfiguration>
          </TestTypeSpecific>
          <AgentRule name="LocalMachineDefaultRole">
          </AgentRule>
        </Execution>
      </TestSettings>
      <WebTestResultFilePath>TestResults[32]\In\08b291be-5847-411e-bb73-63c217a4f81d\UploadPackageFromUI.webtestResult</WebTestResultFilePath>
    </WebTestResult>
    <UnitTestResult executionId="8a5ab165-e264-40a6-a59c-11562ac9b3e7" testId="cc44bdbd-ce3e-69f6-f020-1fcb65293738" testName="DownloadPackageFromV2Feed" computerName="CLAYCO7" startTime="2013-04-16T20:11:41.6387290-07:00" endTime="2013-04-16T20:11:41.6387290-07:00" testType="13cdc9d9-ddb5-4fa4-a97d-d965ccfc6d4b" outcome="Failed" testListId="01372d05-1ac1-4f00-ac37-5ca977686e4e" relativeResultsDirectory="8a5ab165-e264-40a6-a59c-11562ac9b3e7">
      <Output>
        <ErrorInfo>
          <Message>Assembly Initialization method NuGetGallery.FunctionalTests.TestBase.GalleryTestBase.ClassInit threw exception. System.InvalidOperationException: System.InvalidOperationException: An error occurred while loading packages from'http://qa.nugettest.org/ api/v2/': The remote server returned an error: (404) Not Found. ---&gt; System.Net.WebException: The remote server returned an error: (404) Not Found.. Aborting test execution.</Message>
          <StackTrace>    at System.Net.HttpWebRequest.GetResponse()
   at NuGet.RequestHelper.GetResponse(Func`1 createRequest, Action`1 prepareRequest, IProxyCache proxyCache, ICredentialCache credentialCache, ICredentialProvider credentialProvider)
   at NuGet.HttpClient.GetResponse()
   at NuGet.RedirectedHttpClient.GetResponseUri(HttpClient client)
   at NuGet.RedirectedHttpClient.EnsureClient()
   at System.Lazy`1.CreateValue()
   at System.Lazy`1.LazyInitValue()
   at System.Lazy`1.get_Value()
   at NuGet.MemoryCache.GetOrAdd[T](Object cacheKey, Func`1 factory, TimeSpan expiration, Boolean absoluteExpiration)
   at NuGet.RedirectedHttpClient.get_CachedClient()
   at NuGet.RedirectedHttpClient.get_Uri()
   at NuGet.DataServicePackageRepository.get_Context()
   at NuGet.DataServicePackageRepository.FindPackagesById(String packageId)
 --- End of inner exception stack trace ---
    at NuGet.DataServicePackageRepository.FindPackagesById(String packageId)
   at NuGet.PackageRepositoryExtensions.FindPackagesById(IPackageRepository repository, String packageId)
   at NuGet.PackageRepositoryExtensions.FindPackage(IPackageRepository repository, String packageId, SemanticVersion version, IPackageConstraintProvider constraintProvider, Boolean allowPrereleaseVersions, Boolean allowUnlisted)
   at NuGet.PackageRepositoryExtensions.FindPackage(IPackageRepository repository, String packageId)
   at NuGetGallery.FunctionTests.Helpers.ClientSDKHelper.CheckIfPackageExistsInSource(String packageId, String sourceUrl) in d:\github.com\NuGetGallery\FunctionalTests\NuGetGallery.FunctionalTests.Helpers\ClientSDKHelper.cs:line 152
   at NuGetGallery.FunctionalTests.TestBase.GalleryTestBase.ClassInit(TestContext context) in d:\github.com\NuGetGallery\FunctionalTests\NuGetGallery.FunctionalTests\TestBase\GalleryTestBase.cs:line 27
</StackTrace>
        </ErrorInfo>
      </Output>
    </UnitTestResult>
    <WebTestResult executionId="f4a9367c-397f-42d3-ae36-8002e0f47a20" testId="d527504e-456c-ed4a-8eba-7c20c18ba47d" testName="HomePageValidationTest" computerName="CLAYCO7" duration="00:00:06.8895872" startTime="2013-04-16T20:11:41.6387290-07:00" endTime="2013-04-16T20:11:48.5400849-07:00" testType="37e36796-fb51-4610-8d5c-e00ceaa68b9f" outcome="Passed" testListId="01372d05-1ac1-4f00-ac37-5ca977686e4e" relativeResultsDirectory="f4a9367c-397f-42d3-ae36-8002e0f47a20">
      <ResultFiles>
        <ResultFile path="HomePageValidationTest.webtestResult" />
      </ResultFiles>
      <TestSettings name="Local" id="62f583f0-2eca-4773-bed0-474a13faad76">
        <Description>These are default test settings for a local test run.</Description>
        <Deployment userDeploymentRoot="." useDefaultDeploymentRoot="false" runDeploymentRoot="TestResults[32]">
          <DeploymentItem filename=".nuget\NuGet.Config" />
          <DeploymentItem filename=".nuget\NuGet.exe" />
          <DeploymentItem filename=".nuget\NuGet.targets" />
        </Deployment>
        <NamingScheme baseName="TestResults" appendTimeStamp="false" useDefault="false" />
        <Execution>
          <TestTypeSpecific>
            <UnitTestRunConfig testTypeId="13cdc9d9-ddb5-4fa4-a97d-d965ccfc6d4b">
              <AssemblyResolution>
                <TestDirectory useLoadContext="true" />
              </AssemblyResolution>
            </UnitTestRunConfig>
            <WebTestRunConfiguration testTypeId="4e7599fa-5ecb-43e9-a887-cd63cf72d207">
              <Browser name="Internet Explorer 9.0" MaxConnections="6">
                <Headers>
                  <Header name="User-Agent" value="Mozilla/5.0 (compatible; MSIE 9.0; Windows NT 6.1; Trident/5.0)" />
                  <Header name="Accept" value="*/*" />
                  <Header name="Accept-Language" value="en-US,en;q=0.8,zh-Hans-CN;q=0.5,zh-Hans;q=0.3" />
                  <Header name="Accept-Encoding" value="GZIP" />
                </Headers>
              </Browser>
            </WebTestRunConfiguration>
          </TestTypeSpecific>
          <AgentRule name="LocalMachineDefaultRole">
          </AgentRule>
        </Execution>
      </TestSettings>
      <WebTestResultFilePath>TestResults[32]\In\f4a9367c-397f-42d3-ae36-8002e0f47a20\HomePageValidationTest.webtestResult</WebTestResultFilePath>
    </WebTestResult>
    <WebTestResult executionId="90021947-7451-4535-8920-7d4b104ca409" testId="5ceca307-8fd2-e863-65bb-d8151e5dafba" testName="PackagesPageTest" computerName="CLAYCO7" duration="00:00:00.1486230" startTime="2013-04-16T20:11:48.5400849-07:00" endTime="2013-04-16T20:11:48.6945081-07:00" testType="37e36796-fb51-4610-8d5c-e00ceaa68b9f" testListId="b836686b-8922-4ce2-8bcc-bd368809954a" relativeResultsDirectory="90021947-7451-4535-8920-7d4b104ca409">
      <Output>
        <ErrorInfo>
          <Message>Exception occurred: An error occurred while loading packages from'http://qa.nugettest.org/ api/v2': The remote server returned an error: (404) Not Found.</Message>
          <StackTrace>   at NuGet.DataServicePackageRepository.FindPackagesById(String packageId)
   at NuGet.PackageRepositoryExtensions.FindPackagesById(IPackageRepository repository, String packageId)
   at NuGetGallery.FunctionTests.Helpers.ClientSDKHelper.GetLatestStableVersion(String packageId) in d:\github.com\NuGetGallery\FunctionalTests\NuGetGallery.FunctionalTests.Helpers\ClientSDKHelper.cs:line 24
   at NuGetGallery.FunctionalTests.PackagesPageTest.&lt;GetRequestEnumerator&gt;d__0.MoveNext() in d:\github.com\NuGetGallery\FunctionalTests\NuGetGallery.FunctionalTests\WebUITests\BasicPages\PackagesPageTest.cs:line 29
   at Microsoft.VisualStudio.TestTools.WebStress.WebTestCaseVariation.ExecuteNextTopLevelRequest()</StackTrace>
        </ErrorInfo>
      </Output>
      <ResultFiles>
        <ResultFile path="PackagesPageTest.webtestResult" />
      </ResultFiles>
      <TestSettings name="Local" id="62f583f0-2eca-4773-bed0-474a13faad76">
        <Description>These are default test settings for a local test run.</Description>
        <Deployment userDeploymentRoot="." useDefaultDeploymentRoot="false" runDeploymentRoot="TestResults[32]">
          <DeploymentItem filename=".nuget\NuGet.Config" />
          <DeploymentItem filename=".nuget\NuGet.exe" />
          <DeploymentItem filename=".nuget\NuGet.targets" />
        </Deployment>
        <NamingScheme baseName="TestResults" appendTimeStamp="false" useDefault="false" />
        <Execution>
          <TestTypeSpecific>
            <UnitTestRunConfig testTypeId="13cdc9d9-ddb5-4fa4-a97d-d965ccfc6d4b">
              <AssemblyResolution>
                <TestDirectory useLoadContext="true" />
              </AssemblyResolution>
            </UnitTestRunConfig>
            <WebTestRunConfiguration testTypeId="4e7599fa-5ecb-43e9-a887-cd63cf72d207">
              <Browser name="Internet Explorer 9.0" MaxConnections="6">
                <Headers>
                  <Header name="User-Agent" value="Mozilla/5.0 (compatible; MSIE 9.0; Windows NT 6.1; Trident/5.0)" />
                  <Header name="Accept" value="*/*" />
                  <Header name="Accept-Language" value="en-US,en;q=0.8,zh-Hans-CN;q=0.5,zh-Hans;q=0.3" />
                  <Header name="Accept-Encoding" value="GZIP" />
                </Headers>
              </Browser>
            </WebTestRunConfiguration>
          </TestTypeSpecific>
          <AgentRule name="LocalMachineDefaultRole">
          </AgentRule>
        </Execution>
      </TestSettings>
      <WebTestResultFilePath>TestResults[32]\In\90021947-7451-4535-8920-7d4b104ca409\PackagesPageTest.webtestResult</WebTestResultFilePath>
    </WebTestResult>
    <WebTestResult executionId="80734aa2-f2d8-44df-b80f-a8b071d2bf90" testId="80baf145-2a87-1c50-450f-57e4de9d3b4f" testName="UploadPackageFromUI" computerName="CLAYCO7" duration="00:00:00.1172071" startTime="2013-04-16T20:11:48.6955076-07:00" endTime="2013-04-16T20:11:49.3093114-07:00" testType="37e36796-fb51-4610-8d5c-e00ceaa68b9f" testListId="b836686b-8922-4ce2-8bcc-bd368809954a" relativeResultsDirectory="80734aa2-f2d8-44df-b80f-a8b071d2bf90">
      <Output>
        <ErrorInfo>
          <Message>Exception occurred: There is no context parameter with the name '$HIDDEN1.__RequestVerificationToken' in the WebTestContext</Message>
          <StackTrace>   at Microsoft.VisualStudio.TestTools.WebTesting.WebTestContext.get_Item(String key)
   at NuGetGallery.FunctionalTests.AssertAndValidationHelper.GetLogonPostRequest(WebTest test, String accountName, String password) in d:\github.com\NuGetGallery\FunctionalTests\NuGetGallery.FunctionalTests\WebUITests\AssertAndValidationHelper.cs:line 108
   at NuGetGallery.FunctionalTests.UploadPackageFromUI.&lt;GetRequestEnumerator&gt;d__0.MoveNext() in d:\github.com\NuGetGallery\FunctionalTests\NuGetGallery.FunctionalTests\WebUITests\UploadAndDownload\UploadPackageFromUI.cs:line 32
   at Microsoft.VisualStudio.TestTools.WebStress.WebTestCaseVariation.ExecuteNextTopLevelRequest()</StackTrace>
        </ErrorInfo>
      </Output>
      <ResultFiles>
        <ResultFile path="UploadPackageFromUI.webtestResult" />
      </ResultFiles>
      <TestSettings name="Local" id="62f583f0-2eca-4773-bed0-474a13faad76">
        <Description>These are default test settings for a local test run.</Description>
        <Deployment userDeploymentRoot="." useDefaultDeploymentRoot="false" runDeploymentRoot="TestResults[32]">
          <DeploymentItem filename=".nuget\NuGet.Config" />
          <DeploymentItem filename=".nuget\NuGet.exe" />
          <DeploymentItem filename=".nuget\NuGet.targets" />
        </Deployment>
        <NamingScheme baseName="TestResults" appendTimeStamp="false" useDefault="false" />
        <Execution>
          <TestTypeSpecific>
            <UnitTestRunConfig testTypeId="13cdc9d9-ddb5-4fa4-a97d-d965ccfc6d4b">
              <AssemblyResolution>
                <TestDirectory useLoadContext="true" />
              </AssemblyResolution>
            </UnitTestRunConfig>
            <WebTestRunConfiguration testTypeId="4e7599fa-5ecb-43e9-a887-cd63cf72d207">
              <Browser name="Internet Explorer 9.0" MaxConnections="6">
                <Headers>
                  <Header name="User-Agent" value="Mozilla/5.0 (compatible; MSIE 9.0; Windows NT 6.1; Trident/5.0)" />
                  <Header name="Accept" value="*/*" />
                  <Header name="Accept-Language" value="en-US,en;q=0.8,zh-Hans-CN;q=0.5,zh-Hans;q=0.3" />
                  <Header name="Accept-Encoding" value="GZIP" />
                </Headers>
              </Browser>
            </WebTestRunConfiguration>
          </TestTypeSpecific>
          <AgentRule name="LocalMachineDefaultRole">
          </AgentRule>
        </Execution>
      </TestSettings>
      <WebTestResultFilePath>TestResults[32]\In\80734aa2-f2d8-44df-b80f-a8b071d2bf90\UploadPackageFromUI.webtestResult</WebTestResultFilePath>
    </WebTestResult>
    <WebTestResult executionId="db313a2f-2f21-40b2-8930-9b006a9e7369" testId="42a9bfc6-ed87-df50-c848-82aca2c8fd0d" testName="ManagePackagesPageTest" computerName="CLAYCO7" duration="00:00:01.1903606" startTime="2013-04-16T20:11:49.3093114-07:00" endTime="2013-04-16T20:11:50.5069862-07:00" testType="37e36796-fb51-4610-8d5c-e00ceaa68b9f" testListId="b836686b-8922-4ce2-8bcc-bd368809954a" relativeResultsDirectory="db313a2f-2f21-40b2-8930-9b006a9e7369">
      <Output>
        <ErrorInfo>
          <Message>Exception occurred: Assert.IsTrue failed. The package upload via Nuget.exe didnt suceed properly. Check the logs to see the process error and output stream</Message>
          <StackTrace>   at Microsoft.VisualStudio.TestTools.UnitTesting.Assert.HandleFail(String assertionName, String message, Object[] parameters)
   at Microsoft.VisualStudio.TestTools.UnitTesting.Assert.IsTrue(Boolean condition, String message)
   at NuGetGallery.FunctionalTests.AssertAndValidationHelper.UploadNewPackageAndVerify(String packageId, String version) in d:\github.com\NuGetGallery\FunctionalTests\NuGetGallery.FunctionalTests\WebUITests\AssertAndValidationHelper.cs:line 170
   at NuGetGallery.FunctionalTests.WebUITests.PackageManagement.ManagePackagesPageTest.&lt;GetRequestEnumerator&gt;d__0.MoveNext() in d:\github.com\NuGetGallery\FunctionalTests\NuGetGallery.FunctionalTests\WebUITests\PackageManagement\ManagePackagesPageTest.cs:line 28
   at Microsoft.VisualStudio.TestTools.WebStress.WebTestCaseVariation.ExecuteNextTopLevelRequest()</StackTrace>
        </ErrorInfo>
      </Output>
      <ResultFiles>
        <ResultFile path="ManagePackagesPageTest.webtestResult" />
      </ResultFiles>
      <TestSettings name="Local" id="62f583f0-2eca-4773-bed0-474a13faad76">
        <Description>These are default test settings for a local test run.</Description>
        <Deployment userDeploymentRoot="." useDefaultDeploymentRoot="false" runDeploymentRoot="TestResults[32]">
          <DeploymentItem filename=".nuget\NuGet.Config" />
          <DeploymentItem filename=".nuget\NuGet.exe" />
          <DeploymentItem filename=".nuget\NuGet.targets" />
        </Deployment>
        <NamingScheme baseName="TestResults" appendTimeStamp="false" useDefault="false" />
        <Execution>
          <TestTypeSpecific>
            <UnitTestRunConfig testTypeId="13cdc9d9-ddb5-4fa4-a97d-d965ccfc6d4b">
              <AssemblyResolution>
                <TestDirectory useLoadContext="true" />
              </AssemblyResolution>
            </UnitTestRunConfig>
            <WebTestRunConfiguration testTypeId="4e7599fa-5ecb-43e9-a887-cd63cf72d207">
              <Browser name="Internet Explorer 9.0" MaxConnections="6">
                <Headers>
                  <Header name="User-Agent" value="Mozilla/5.0 (compatible; MSIE 9.0; Windows NT 6.1; Trident/5.0)" />
                  <Header name="Accept" value="*/*" />
                  <Header name="Accept-Language" value="en-US,en;q=0.8,zh-Hans-CN;q=0.5,zh-Hans;q=0.3" />
                  <Header name="Accept-Encoding" value="GZIP" />
                </Headers>
              </Browser>
            </WebTestRunConfiguration>
          </TestTypeSpecific>
          <AgentRule name="LocalMachineDefaultRole">
          </AgentRule>
        </Execution>
      </TestSettings>
      <WebTestResultFilePath>TestResults[32]\In\db313a2f-2f21-40b2-8930-9b006a9e7369\ManagePackagesPageTest.webtestResult</WebTestResultFilePath>
    </WebTestResult>
    <WebTestResult executionId="8c39cf45-f572-43be-804c-5ad0073934e0" testId="a1c602d9-292b-1042-380c-707cec091de9" testName="LogonTest" computerName="CLAYCO7" duration="00:00:00.1320373" startTime="2013-04-16T20:11:50.5290069-07:00" endTime="2013-04-16T20:11:51.1635361-07:00" testType="37e36796-fb51-4610-8d5c-e00ceaa68b9f" testListId="b836686b-8922-4ce2-8bcc-bd368809954a" relativeResultsDirectory="8c39cf45-f572-43be-804c-5ad0073934e0">
      <Output>
        <ErrorInfo>
          <Message>Exception occurred: There is no context parameter with the name '$HIDDEN1.__RequestVerificationToken' in the WebTestContext</Message>
          <StackTrace>   at Microsoft.VisualStudio.TestTools.WebTesting.WebTestContext.get_Item(String key)
   at NuGetGallery.FunctionalTests.AssertAndValidationHelper.GetLogonPostRequest(WebTest test, String accountName, String password) in d:\github.com\NuGetGallery\FunctionalTests\NuGetGallery.FunctionalTests\WebUITests\AssertAndValidationHelper.cs:line 108
   at NuGetGallery.FunctionalTests.LogonTest.&lt;GetRequestEnumerator&gt;d__0.MoveNext() in d:\github.com\NuGetGallery\FunctionalTests\NuGetGallery.FunctionalTests\WebUITests\AccountManagement\LogonTest.cs:line 29
   at Microsoft.VisualStudio.TestTools.WebStress.WebTestCaseVariation.ExecuteNextTopLevelRequest()</StackTrace>
        </ErrorInfo>
      </Output>
      <ResultFiles>
        <ResultFile path="LogonTest.webtestResult" />
      </ResultFiles>
      <TestSettings name="Local" id="62f583f0-2eca-4773-bed0-474a13faad76">
        <Description>These are default test settings for a local test run.</Description>
        <Deployment userDeploymentRoot="." useDefaultDeploymentRoot="false" runDeploymentRoot="TestResults[32]">
          <DeploymentItem filename=".nuget\NuGet.Config" />
          <DeploymentItem filename=".nuget\NuGet.exe" />
          <DeploymentItem filename=".nuget\NuGet.targets" />
        </Deployment>
        <NamingScheme baseName="TestResults" appendTimeStamp="false" useDefault="false" />
        <Execution>
          <TestTypeSpecific>
            <UnitTestRunConfig testTypeId="13cdc9d9-ddb5-4fa4-a97d-d965ccfc6d4b">
              <AssemblyResolution>
                <TestDirectory useLoadContext="true" />
              </AssemblyResolution>
            </UnitTestRunConfig>
            <WebTestRunConfiguration testTypeId="4e7599fa-5ecb-43e9-a887-cd63cf72d207">
              <Browser name="Internet Explorer 9.0" MaxConnections="6">
                <Headers>
                  <Header name="User-Agent" value="Mozilla/5.0 (compatible; MSIE 9.0; Windows NT 6.1; Trident/5.0)" />
                  <Header name="Accept" value="*/*" />
                  <Header name="Accept-Language" value="en-US,en;q=0.8,zh-Hans-CN;q=0.5,zh-Hans;q=0.3" />
                  <Header name="Accept-Encoding" value="GZIP" />
                </Headers>
              </Browser>
            </WebTestRunConfiguration>
          </TestTypeSpecific>
          <AgentRule name="LocalMachineDefaultRole">
          </AgentRule>
        </Execution>
      </TestSettings>
      <WebTestResultFilePath>TestResults[32]\In\8c39cf45-f572-43be-804c-5ad0073934e0\LogonTest.webtestResult</WebTestResultFilePath>
    </WebTestResult>
    <UnitTestResult executionId="e63940d0-13ba-44df-aaba-3290ca537cde" testId="2a6c6363-3869-0c15-2d51-409738bef970" testName="FindPackagesByIdTest" computerName="CLAYCO7" startTime="2013-04-16T20:11:51.1645372-07:00" endTime="2013-04-16T20:11:51.1665389-07:00" testType="13cdc9d9-ddb5-4fa4-a97d-d965ccfc6d4b" outcome="Failed" testListId="b836686b-8922-4ce2-8bcc-bd368809954a" relativeResultsDirectory="e63940d0-13ba-44df-aaba-3290ca537cde">
      <Output>
        <ErrorInfo>
          <Message>Assembly Initialization method NuGetGallery.FunctionalTests.TestBase.GalleryTestBase.ClassInit threw exception. System.InvalidOperationException: System.InvalidOperationException: An error occurred while loading packages from'http://qa.nugettest.org/ api/v2/': The remote server returned an error: (404) Not Found. ---&gt; System.Net.WebException: The remote server returned an error: (404) Not Found.. Aborting test execution.</Message>
          <StackTrace>    at System.Net.HttpWebRequest.GetResponse()
   at NuGet.RequestHelper.GetResponse(Func`1 createRequest, Action`1 prepareRequest, IProxyCache proxyCache, ICredentialCache credentialCache, ICredentialProvider credentialProvider)
   at NuGet.HttpClient.GetResponse()
   at NuGet.RedirectedHttpClient.GetResponseUri(HttpClient client)
   at NuGet.RedirectedHttpClient.EnsureClient()
   at System.Lazy`1.CreateValue()
   at System.Lazy`1.LazyInitValue()
   at System.Lazy`1.get_Value()
   at NuGet.MemoryCache.GetOrAdd[T](Object cacheKey, Func`1 factory, TimeSpan expiration, Boolean absoluteExpiration)
   at NuGet.RedirectedHttpClient.get_CachedClient()
   at NuGet.RedirectedHttpClient.get_Uri()
   at NuGet.DataServicePackageRepository.get_Context()
   at NuGet.DataServicePackageRepository.FindPackagesById(String packageId)
 --- End of inner exception stack trace ---
    at NuGet.DataServicePackageRepository.FindPackagesById(String packageId)
   at NuGet.PackageRepositoryExtensions.FindPackagesById(IPackageRepository repository, String packageId)
   at NuGet.PackageRepositoryExtensions.FindPackage(IPackageRepository repository, String packageId, SemanticVersion version, IPackageConstraintProvider constraintProvider, Boolean allowPrereleaseVersions, Boolean allowUnlisted)
   at NuGet.PackageRepositoryExtensions.FindPackage(IPackageRepository repository, String packageId)
   at NuGetGallery.FunctionTests.Helpers.ClientSDKHelper.CheckIfPackageExistsInSource(String packageId, String sourceUrl) in d:\github.com\NuGetGallery\FunctionalTests\NuGetGallery.FunctionalTests.Helpers\ClientSDKHelper.cs:line 152
   at NuGetGallery.FunctionalTests.TestBase.GalleryTestBase.ClassInit(TestContext context) in d:\github.com\NuGetGallery\FunctionalTests\NuGetGallery.FunctionalTests\TestBase\GalleryTestBase.cs:line 27
</StackTrace>
        </ErrorInfo>
      </Output>
    </UnitTestResult>
    <WebTestResult executionId="de511192-dd5e-4387-ad44-50eeea39fc2e" testId="a6f81ddd-4476-9109-b107-ff9673898e71" testName="ContactOwnerTest" computerName="CLAYCO7" duration="00:00:01.0765051" startTime="2013-04-16T20:11:51.1685405-07:00" endTime="2013-04-16T20:11:52.2450901-07:00" testType="37e36796-fb51-4610-8d5c-e00ceaa68b9f" testListId="b836686b-8922-4ce2-8bcc-bd368809954a" relativeResultsDirectory="de511192-dd5e-4387-ad44-50eeea39fc2e">
      <Output>
        <ErrorInfo>
          <Message>Exception occurred: Assert.IsTrue failed. The package upload via Nuget.exe didnt suceed properly. Check the logs to see the process error and output stream</Message>
          <StackTrace>   at Microsoft.VisualStudio.TestTools.UnitTesting.Assert.HandleFail(String assertionName, String message, Object[] parameters)
   at Microsoft.VisualStudio.TestTools.UnitTesting.Assert.IsTrue(Boolean condition, String message)
   at NuGetGallery.FunctionalTests.AssertAndValidationHelper.UploadNewPackageAndVerify(String packageId, String version) in d:\github.com\NuGetGallery\FunctionalTests\NuGetGallery.FunctionalTests\WebUITests\AssertAndValidationHelper.cs:line 170
   at NuGetGallery.FunctionalTests.WebUITests.PackageManagement.ContactOwnerTest.&lt;GetRequestEnumerator&gt;d__0.MoveNext() in d:\github.com\NuGetGallery\FunctionalTests\NuGetGallery.FunctionalTests\WebUITests\PackageManagement\ContactOwnerTest.cs:line 24
   at Microsoft.VisualStudio.TestTools.WebStress.WebTestCaseVariation.ExecuteNextTopLevelRequest()</StackTrace>
        </ErrorInfo>
      </Output>
      <ResultFiles>
        <ResultFile path="ContactOwnerTest.webtestResult" />
      </ResultFiles>
      <TestSettings name="Local" id="62f583f0-2eca-4773-bed0-474a13faad76">
        <Description>These are default test settings for a local test run.</Description>
        <Deployment userDeploymentRoot="." useDefaultDeploymentRoot="false" runDeploymentRoot="TestResults[32]">
          <DeploymentItem filename=".nuget\NuGet.Config" />
          <DeploymentItem filename=".nuget\NuGet.exe" />
          <DeploymentItem filename=".nuget\NuGet.targets" />
        </Deployment>
        <NamingScheme baseName="TestResults" appendTimeStamp="false" useDefault="false" />
        <Execution>
          <TestTypeSpecific>
            <UnitTestRunConfig testTypeId="13cdc9d9-ddb5-4fa4-a97d-d965ccfc6d4b">
              <AssemblyResolution>
                <TestDirectory useLoadContext="true" />
              </AssemblyResolution>
            </UnitTestRunConfig>
            <WebTestRunConfiguration testTypeId="4e7599fa-5ecb-43e9-a887-cd63cf72d207">
              <Browser name="Internet Explorer 9.0" MaxConnections="6">
                <Headers>
                  <Header name="User-Agent" value="Mozilla/5.0 (compatible; MSIE 9.0; Windows NT 6.1; Trident/5.0)" />
                  <Header name="Accept" value="*/*" />
                  <Header name="Accept-Language" value="en-US,en;q=0.8,zh-Hans-CN;q=0.5,zh-Hans;q=0.3" />
                  <Header name="Accept-Encoding" value="GZIP" />
                </Headers>
              </Browser>
            </WebTestRunConfiguration>
          </TestTypeSpecific>
          <AgentRule name="LocalMachineDefaultRole">
          </AgentRule>
        </Execution>
      </TestSettings>
      <WebTestResultFilePath>TestResults[32]\In\de511192-dd5e-4387-ad44-50eeea39fc2e\ContactOwnerTest.webtestResult</WebTestResultFilePath>
    </WebTestResult>
    <UnitTestResult executionId="2f603cd3-ec5e-4e2d-b982-7d80d333cb62" testId="cc44bdbd-ce3e-69f6-f020-1fcb65293738" testName="DownloadPackageFromV2Feed" computerName="CLAYCO7" startTime="2013-04-16T20:11:52.2450901-07:00" endTime="2013-04-16T20:11:52.2450901-07:00" testType="13cdc9d9-ddb5-4fa4-a97d-d965ccfc6d4b" outcome="Failed" testListId="b836686b-8922-4ce2-8bcc-bd368809954a" relativeResultsDirectory="2f603cd3-ec5e-4e2d-b982-7d80d333cb62">
      <Output>
        <ErrorInfo>
          <Message>Assembly Initialization method NuGetGallery.FunctionalTests.TestBase.GalleryTestBase.ClassInit threw exception. System.InvalidOperationException: System.InvalidOperationException: An error occurred while loading packages from'http://qa.nugettest.org/ api/v2/': The remote server returned an error: (404) Not Found. ---&gt; System.Net.WebException: The remote server returned an error: (404) Not Found.. Aborting test execution.</Message>
          <StackTrace>    at System.Net.HttpWebRequest.GetResponse()
   at NuGet.RequestHelper.GetResponse(Func`1 createRequest, Action`1 prepareRequest, IProxyCache proxyCache, ICredentialCache credentialCache, ICredentialProvider credentialProvider)
   at NuGet.HttpClient.GetResponse()
   at NuGet.RedirectedHttpClient.GetResponseUri(HttpClient client)
   at NuGet.RedirectedHttpClient.EnsureClient()
   at System.Lazy`1.CreateValue()
   at System.Lazy`1.LazyInitValue()
   at System.Lazy`1.get_Value()
   at NuGet.MemoryCache.GetOrAdd[T](Object cacheKey, Func`1 factory, TimeSpan expiration, Boolean absoluteExpiration)
   at NuGet.RedirectedHttpClient.get_CachedClient()
   at NuGet.RedirectedHttpClient.get_Uri()
   at NuGet.DataServicePackageRepository.get_Context()
   at NuGet.DataServicePackageRepository.FindPackagesById(String packageId)
 --- End of inner exception stack trace ---
    at NuGet.DataServicePackageRepository.FindPackagesById(String packageId)
   at NuGet.PackageRepositoryExtensions.FindPackagesById(IPackageRepository repository, String packageId)
   at NuGet.PackageRepositoryExtensions.FindPackage(IPackageRepository repository, String packageId, SemanticVersion version, IPackageConstraintProvider constraintProvider, Boolean allowPrereleaseVersions, Boolean allowUnlisted)
   at NuGet.PackageRepositoryExtensions.FindPackage(IPackageRepository repository, String packageId)
   at NuGetGallery.FunctionTests.Helpers.ClientSDKHelper.CheckIfPackageExistsInSource(String packageId, String sourceUrl) in d:\github.com\NuGetGallery\FunctionalTests\NuGetGallery.FunctionalTests.Helpers\ClientSDKHelper.cs:line 152
   at NuGetGallery.FunctionalTests.TestBase.GalleryTestBase.ClassInit(TestContext context) in d:\github.com\NuGetGallery\FunctionalTests\NuGetGallery.FunctionalTests\TestBase\GalleryTestBase.cs:line 27
</StackTrace>
        </ErrorInfo>
      </Output>
    </UnitTestResult>
    <UnitTestResult executionId="bede96c0-b542-43d6-94d0-a0f078e89bff" testId="916d542f-9953-383f-a9cc-e87980667cf3" testName="RestorePackageFromV2Feed" computerName="CLAYCO7" startTime="2013-04-16T20:11:52.2450901-07:00" endTime="2013-04-16T20:11:52.2450901-07:00" testType="13cdc9d9-ddb5-4fa4-a97d-d965ccfc6d4b" outcome="Failed" testListId="b836686b-8922-4ce2-8bcc-bd368809954a" relativeResultsDirectory="bede96c0-b542-43d6-94d0-a0f078e89bff">
      <Output>
        <ErrorInfo>
          <Message>Assembly Initialization method NuGetGallery.FunctionalTests.TestBase.GalleryTestBase.ClassInit threw exception. System.InvalidOperationException: System.InvalidOperationException: An error occurred while loading packages from'http://qa.nugettest.org/ api/v2/': The remote server returned an error: (404) Not Found. ---&gt; System.Net.WebException: The remote server returned an error: (404) Not Found.. Aborting test execution.</Message>
          <StackTrace>    at System.Net.HttpWebRequest.GetResponse()
   at NuGet.RequestHelper.GetResponse(Func`1 createRequest, Action`1 prepareRequest, IProxyCache proxyCache, ICredentialCache credentialCache, ICredentialProvider credentialProvider)
   at NuGet.HttpClient.GetResponse()
   at NuGet.RedirectedHttpClient.GetResponseUri(HttpClient client)
   at NuGet.RedirectedHttpClient.EnsureClient()
   at System.Lazy`1.CreateValue()
   at System.Lazy`1.LazyInitValue()
   at System.Lazy`1.get_Value()
   at NuGet.MemoryCache.GetOrAdd[T](Object cacheKey, Func`1 factory, TimeSpan expiration, Boolean absoluteExpiration)
   at NuGet.RedirectedHttpClient.get_CachedClient()
   at NuGet.RedirectedHttpClient.get_Uri()
   at NuGet.DataServicePackageRepository.get_Context()
   at NuGet.DataServicePackageRepository.FindPackagesById(String packageId)
 --- End of inner exception stack trace ---
    at NuGet.DataServicePackageRepository.FindPackagesById(String packageId)
   at NuGet.PackageRepositoryExtensions.FindPackagesById(IPackageRepository repository, String packageId)
   at NuGet.PackageRepositoryExtensions.FindPackage(IPackageRepository repository, String packageId, SemanticVersion version, IPackageConstraintProvider constraintProvider, Boolean allowPrereleaseVersions, Boolean allowUnlisted)
   at NuGet.PackageRepositoryExtensions.FindPackage(IPackageRepository repository, String packageId)
   at NuGetGallery.FunctionTests.Helpers.ClientSDKHelper.CheckIfPackageExistsInSource(String packageId, String sourceUrl) in d:\github.com\NuGetGallery\FunctionalTests\NuGetGallery.FunctionalTests.Helpers\ClientSDKHelper.cs:line 152
   at NuGetGallery.FunctionalTests.TestBase.GalleryTestBase.ClassInit(TestContext context) in d:\github.com\NuGetGallery\FunctionalTests\NuGetGallery.FunctionalTests\TestBase\GalleryTestBase.cs:line 27
</StackTrace>
        </ErrorInfo>
      </Output>
    </UnitTestResult>
    <WebTestResult executionId="32a83cfd-c9eb-451b-9505-6f07e4313619" testId="d527504e-456c-ed4a-8eba-7c20c18ba47d" testName="HomePageValidationTest" computerName="CLAYCO7" duration="00:00:00.4085293" startTime="2013-04-16T20:11:52.2607157-07:00" endTime="2013-04-16T20:11:53.1677290-07:00" testType="37e36796-fb51-4610-8d5c-e00ceaa68b9f" outcome="Passed" testListId="b836686b-8922-4ce2-8bcc-bd368809954a" relativeResultsDirectory="32a83cfd-c9eb-451b-9505-6f07e4313619">
      <ResultFiles>
        <ResultFile path="HomePageValidationTest.webtestResult" />
      </ResultFiles>
      <TestSettings name="Local" id="62f583f0-2eca-4773-bed0-474a13faad76">
        <Description>These are default test settings for a local test run.</Description>
        <Deployment userDeploymentRoot="." useDefaultDeploymentRoot="false" runDeploymentRoot="TestResults[32]">
          <DeploymentItem filename=".nuget\NuGet.Config" />
          <DeploymentItem filename=".nuget\NuGet.exe" />
          <DeploymentItem filename=".nuget\NuGet.targets" />
        </Deployment>
        <NamingScheme baseName="TestResults" appendTimeStamp="false" useDefault="false" />
        <Execution>
          <TestTypeSpecific>
            <UnitTestRunConfig testTypeId="13cdc9d9-ddb5-4fa4-a97d-d965ccfc6d4b">
              <AssemblyResolution>
                <TestDirectory useLoadContext="true" />
              </AssemblyResolution>
            </UnitTestRunConfig>
            <WebTestRunConfiguration testTypeId="4e7599fa-5ecb-43e9-a887-cd63cf72d207">
              <Browser name="Internet Explorer 9.0" MaxConnections="6">
                <Headers>
                  <Header name="User-Agent" value="Mozilla/5.0 (compatible; MSIE 9.0; Windows NT 6.1; Trident/5.0)" />
                  <Header name="Accept" value="*/*" />
                  <Header name="Accept-Language" value="en-US,en;q=0.8,zh-Hans-CN;q=0.5,zh-Hans;q=0.3" />
                  <Header name="Accept-Encoding" value="GZIP" />
                </Headers>
              </Browser>
            </WebTestRunConfiguration>
          </TestTypeSpecific>
          <AgentRule name="LocalMachineDefaultRole">
          </AgentRule>
        </Execution>
      </TestSettings>
      <WebTestResultFilePath>TestResults[32]\In\32a83cfd-c9eb-451b-9505-6f07e4313619\HomePageValidationTest.webtestResult</WebTestResultFilePath>
    </WebTestResult>
    <UnitTestResult executionId="a06ac2e6-9994-4fa4-9ab2-816364e546e9" testId="baeffb56-e5a3-71a3-dcf4-ca714ba14856" testName="UploadPackageWithNuGetCommandLineTest" computerName="CLAYCO7" startTime="2013-04-16T20:11:53.1687299-07:00" endTime="2013-04-16T20:11:53.1717327-07:00" testType="13cdc9d9-ddb5-4fa4-a97d-d965ccfc6d4b" outcome="Failed" testListId="b836686b-8922-4ce2-8bcc-bd368809954a" relativeResultsDirectory="a06ac2e6-9994-4fa4-9ab2-816364e546e9">
      <Output>
        <ErrorInfo>
          <Message>Assembly Initialization method NuGetGallery.FunctionalTests.TestBase.GalleryTestBase.ClassInit threw exception. System.InvalidOperationException: System.InvalidOperationException: An error occurred while loading packages from'http://qa.nugettest.org/ api/v2/': The remote server returned an error: (404) Not Found. ---&gt; System.Net.WebException: The remote server returned an error: (404) Not Found.. Aborting test execution.</Message>
          <StackTrace>    at System.Net.HttpWebRequest.GetResponse()
   at NuGet.RequestHelper.GetResponse(Func`1 createRequest, Action`1 prepareRequest, IProxyCache proxyCache, ICredentialCache credentialCache, ICredentialProvider credentialProvider)
   at NuGet.HttpClient.GetResponse()
   at NuGet.RedirectedHttpClient.GetResponseUri(HttpClient client)
   at NuGet.RedirectedHttpClient.EnsureClient()
   at System.Lazy`1.CreateValue()
   at System.Lazy`1.LazyInitValue()
   at System.Lazy`1.get_Value()
   at NuGet.MemoryCache.GetOrAdd[T](Object cacheKey, Func`1 factory, TimeSpan expiration, Boolean absoluteExpiration)
   at NuGet.RedirectedHttpClient.get_CachedClient()
   at NuGet.RedirectedHttpClient.get_Uri()
   at NuGet.DataServicePackageRepository.get_Context()
   at NuGet.DataServicePackageRepository.FindPackagesById(String packageId)
 --- End of inner exception stack trace ---
    at NuGet.DataServicePackageRepository.FindPackagesById(String packageId)
   at NuGet.PackageRepositoryExtensions.FindPackagesById(IPackageRepository repository, String packageId)
   at NuGet.PackageRepositoryExtensions.FindPackage(IPackageRepository repository, String packageId, SemanticVersion version, IPackageConstraintProvider constraintProvider, Boolean allowPrereleaseVersions, Boolean allowUnlisted)
   at NuGet.PackageRepositoryExtensions.FindPackage(IPackageRepository repository, String packageId)
   at NuGetGallery.FunctionTests.Helpers.ClientSDKHelper.CheckIfPackageExistsInSource(String packageId, String sourceUrl) in d:\github.com\NuGetGallery\FunctionalTests\NuGetGallery.FunctionalTests.Helpers\ClientSDKHelper.cs:line 152
   at NuGetGallery.FunctionalTests.TestBase.GalleryTestBase.ClassInit(TestContext context) in d:\github.com\NuGetGallery\FunctionalTests\NuGetGallery.FunctionalTests\TestBase\GalleryTestBase.cs:line 27
</StackTrace>
        </ErrorInfo>
      </Output>
    </UnitTestResult>
    <UnitTestResult executionId="b9651a7a-d0b4-402e-83ef-110b0e8d2da7" testId="02d43bf4-c2fb-43fb-6999-a16887a86fa6" testName="GetUpdatesTest" computerName="CLAYCO7" startTime="2013-04-16T20:11:53.1727332-07:00" endTime="2013-04-16T20:11:53.1747349-07:00" testType="13cdc9d9-ddb5-4fa4-a97d-d965ccfc6d4b" outcome="Failed" testListId="b836686b-8922-4ce2-8bcc-bd368809954a" relativeResultsDirectory="b9651a7a-d0b4-402e-83ef-110b0e8d2da7">
      <Output>
        <ErrorInfo>
          <Message>Assembly Initialization method NuGetGallery.FunctionalTests.TestBase.GalleryTestBase.ClassInit threw exception. System.InvalidOperationException: System.InvalidOperationException: An error occurred while loading packages from'http://qa.nugettest.org/ api/v2/': The remote server returned an error: (404) Not Found. ---&gt; System.Net.WebException: The remote server returned an error: (404) Not Found.. Aborting test execution.</Message>
          <StackTrace>    at System.Net.HttpWebRequest.GetResponse()
   at NuGet.RequestHelper.GetResponse(Func`1 createRequest, Action`1 prepareRequest, IProxyCache proxyCache, ICredentialCache credentialCache, ICredentialProvider credentialProvider)
   at NuGet.HttpClient.GetResponse()
   at NuGet.RedirectedHttpClient.GetResponseUri(HttpClient client)
   at NuGet.RedirectedHttpClient.EnsureClient()
   at System.Lazy`1.CreateValue()
   at System.Lazy`1.LazyInitValue()
   at System.Lazy`1.get_Value()
   at NuGet.MemoryCache.GetOrAdd[T](Object cacheKey, Func`1 factory, TimeSpan expiration, Boolean absoluteExpiration)
   at NuGet.RedirectedHttpClient.get_CachedClient()
   at NuGet.RedirectedHttpClient.get_Uri()
   at NuGet.DataServicePackageRepository.get_Context()
   at NuGet.DataServicePackageRepository.FindPackagesById(String packageId)
 --- End of inner exception stack trace ---
    at NuGet.DataServicePackageRepository.FindPackagesById(String packageId)
   at NuGet.PackageRepositoryExtensions.FindPackagesById(IPackageRepository repository, String packageId)
   at NuGet.PackageRepositoryExtensions.FindPackage(IPackageRepository repository, String packageId, SemanticVersion version, IPackageConstraintProvider constraintProvider, Boolean allowPrereleaseVersions, Boolean allowUnlisted)
   at NuGet.PackageRepositoryExtensions.FindPackage(IPackageRepository repository, String packageId)
   at NuGetGallery.FunctionTests.Helpers.ClientSDKHelper.CheckIfPackageExistsInSource(String packageId, String sourceUrl) in d:\github.com\NuGetGallery\FunctionalTests\NuGetGallery.FunctionalTests.Helpers\ClientSDKHelper.cs:line 152
   at NuGetGallery.FunctionalTests.TestBase.GalleryTestBase.ClassInit(TestContext context) in d:\github.com\NuGetGallery\FunctionalTests\NuGetGallery.FunctionalTests\TestBase\GalleryTestBase.cs:line 27
</StackTrace>
        </ErrorInfo>
      </Output>
    </UnitTestResult>
    <UnitTestResult executionId="b4970b49-3e18-42b1-99e1-88526d8bf000" testId="f206f30d-af4b-ae66-9032-732bc03336c1" testName="DownPackageWithNuGetCommandLineTest" computerName="CLAYCO7" startTime="2013-04-16T20:11:53.1757357-07:00" endTime="2013-04-16T20:11:53.1767366-07:00" testType="13cdc9d9-ddb5-4fa4-a97d-d965ccfc6d4b" outcome="Failed" testListId="b836686b-8922-4ce2-8bcc-bd368809954a" relativeResultsDirectory="b4970b49-3e18-42b1-99e1-88526d8bf000">
      <Output>
        <ErrorInfo>
          <Message>Assembly Initialization method NuGetGallery.FunctionalTests.TestBase.GalleryTestBase.ClassInit threw exception. System.InvalidOperationException: System.InvalidOperationException: An error occurred while loading packages from'http://qa.nugettest.org/ api/v2/': The remote server returned an error: (404) Not Found. ---&gt; System.Net.WebException: The remote server returned an error: (404) Not Found.. Aborting test execution.</Message>
          <StackTrace>    at System.Net.HttpWebRequest.GetResponse()
   at NuGet.RequestHelper.GetResponse(Func`1 createRequest, Action`1 prepareRequest, IProxyCache proxyCache, ICredentialCache credentialCache, ICredentialProvider credentialProvider)
   at NuGet.HttpClient.GetResponse()
   at NuGet.RedirectedHttpClient.GetResponseUri(HttpClient client)
   at NuGet.RedirectedHttpClient.EnsureClient()
   at System.Lazy`1.CreateValue()
   at System.Lazy`1.LazyInitValue()
   at System.Lazy`1.get_Value()
   at NuGet.MemoryCache.GetOrAdd[T](Object cacheKey, Func`1 factory, TimeSpan expiration, Boolean absoluteExpiration)
   at NuGet.RedirectedHttpClient.get_CachedClient()
   at NuGet.RedirectedHttpClient.get_Uri()
   at NuGet.DataServicePackageRepository.get_Context()
   at NuGet.DataServicePackageRepository.FindPackagesById(String packageId)
 --- End of inner exception stack trace ---
    at NuGet.DataServicePackageRepository.FindPackagesById(String packageId)
   at NuGet.PackageRepositoryExtensions.FindPackagesById(IPackageRepository repository, String packageId)
   at NuGet.PackageRepositoryExtensions.FindPackage(IPackageRepository repository, String packageId, SemanticVersion version, IPackageConstraintProvider constraintProvider, Boolean allowPrereleaseVersions, Boolean allowUnlisted)
   at NuGet.PackageRepositoryExtensions.FindPackage(IPackageRepository repository, String packageId)
   at NuGetGallery.FunctionTests.Helpers.ClientSDKHelper.CheckIfPackageExistsInSource(String packageId, String sourceUrl) in d:\github.com\NuGetGallery\FunctionalTests\NuGetGallery.FunctionalTests.Helpers\ClientSDKHelper.cs:line 152
   at NuGetGallery.FunctionalTests.TestBase.GalleryTestBase.ClassInit(TestContext context) in d:\github.com\NuGetGallery\FunctionalTests\NuGetGallery.FunctionalTests\TestBase\GalleryTestBase.cs:line 27
</StackTrace>
        </ErrorInfo>
      </Output>
    </UnitTestResult>
    <WebTestResult executionId="f5c283da-0541-487a-af7d-42e4800fcb0f" testId="0449da0f-5881-ffca-f9d0-f7c0ad709071" testName="UploadPackageWithoutLoginTest" computerName="CLAYCO7" duration="00:00:00.1264336" startTime="2013-04-16T20:11:53.1797405-07:00" endTime="2013-04-16T20:11:53.3081440-07:00" testType="37e36796-fb51-4610-8d5c-e00ceaa68b9f" outcome="Failed" testListId="b836686b-8922-4ce2-8bcc-bd368809954a" relativeResultsDirectory="f5c283da-0541-487a-af7d-42e4800fcb0f">
      <Output>
        <ErrorInfo>
          <Message>1 primary requests, 0 dependant requests and 0 conditional rules failed</Message>
        </ErrorInfo>
      </Output>
      <ResultFiles>
        <ResultFile path="UploadPackageWithoutLoginTest.webtestResult" />
      </ResultFiles>
      <TestSettings name="Local" id="62f583f0-2eca-4773-bed0-474a13faad76">
        <Description>These are default test settings for a local test run.</Description>
        <Deployment userDeploymentRoot="." useDefaultDeploymentRoot="false" runDeploymentRoot="TestResults[32]">
          <DeploymentItem filename=".nuget\NuGet.Config" />
          <DeploymentItem filename=".nuget\NuGet.exe" />
          <DeploymentItem filename=".nuget\NuGet.targets" />
        </Deployment>
        <NamingScheme baseName="TestResults" appendTimeStamp="false" useDefault="false" />
        <Execution>
          <TestTypeSpecific>
            <UnitTestRunConfig testTypeId="13cdc9d9-ddb5-4fa4-a97d-d965ccfc6d4b">
              <AssemblyResolution>
                <TestDirectory useLoadContext="true" />
              </AssemblyResolution>
            </UnitTestRunConfig>
            <WebTestRunConfiguration testTypeId="4e7599fa-5ecb-43e9-a887-cd63cf72d207">
              <Browser name="Internet Explorer 9.0" MaxConnections="6">
                <Headers>
                  <Header name="User-Agent" value="Mozilla/5.0 (compatible; MSIE 9.0; Windows NT 6.1; Trident/5.0)" />
                  <Header name="Accept" value="*/*" />
                  <Header name="Accept-Language" value="en-US,en;q=0.8,zh-Hans-CN;q=0.5,zh-Hans;q=0.3" />
                  <Header name="Accept-Encoding" value="GZIP" />
                </Headers>
              </Browser>
            </WebTestRunConfiguration>
          </TestTypeSpecific>
          <AgentRule name="LocalMachineDefaultRole">
          </AgentRule>
        </Execution>
      </TestSettings>
      <WebTestResultFilePath>TestResults[32]\In\f5c283da-0541-487a-af7d-42e4800fcb0f\UploadPackageWithoutLoginTest.webtestResult</WebTestResultFilePath>
    </WebTestResult>
    <WebTestResult executionId="29614c2d-1d36-4d0f-bfab-6894ba117738" testId="428c8a13-f822-cffc-6ae0-78452d15e1fb" testName="RegisterNewUserTest" computerName="CLAYCO7" duration="00:00:00.1219351" startTime="2013-04-16T20:11:53.3237750-07:00" endTime="2013-04-16T20:11:53.4487771-07:00" testType="37e36796-fb51-4610-8d5c-e00ceaa68b9f" testListId="b836686b-8922-4ce2-8bcc-bd368809954a" relativeResultsDirectory="29614c2d-1d36-4d0f-bfab-6894ba117738">
      <Output>
        <ErrorInfo>
          <Message>Exception occurred: There is no context parameter with the name '$HIDDEN1.__RequestVerificationToken' in the WebTestContext</Message>
          <StackTrace>   at Microsoft.VisualStudio.TestTools.WebTesting.WebTestContext.get_Item(String key)
   at NuGetGallery.FunctionalTests.RegisterNewUserTest.&lt;GetRequestEnumerator&gt;d__0.MoveNext() in d:\github.com\NuGetGallery\FunctionalTests\NuGetGallery.FunctionalTests\WebUITests\AccountManagement\RegisterNewUserTest.cs:line 33
   at Microsoft.VisualStudio.TestTools.WebStress.WebTestCaseVariation.ExecuteNextTopLevelRequest()</StackTrace>
        </ErrorInfo>
      </Output>
      <ResultFiles>
        <ResultFile path="RegisterNewUserTest.webtestResult" />
      </ResultFiles>
      <TestSettings name="Local" id="62f583f0-2eca-4773-bed0-474a13faad76">
        <Description>These are default test settings for a local test run.</Description>
        <Deployment userDeploymentRoot="." useDefaultDeploymentRoot="false" runDeploymentRoot="TestResults[32]">
          <DeploymentItem filename=".nuget\NuGet.Config" />
          <DeploymentItem filename=".nuget\NuGet.exe" />
          <DeploymentItem filename=".nuget\NuGet.targets" />
        </Deployment>
        <NamingScheme baseName="TestResults" appendTimeStamp="false" useDefault="false" />
        <Execution>
          <TestTypeSpecific>
            <UnitTestRunConfig testTypeId="13cdc9d9-ddb5-4fa4-a97d-d965ccfc6d4b">
              <AssemblyResolution>
                <TestDirectory useLoadContext="true" />
              </AssemblyResolution>
            </UnitTestRunConfig>
            <WebTestRunConfiguration testTypeId="4e7599fa-5ecb-43e9-a887-cd63cf72d207">
              <Browser name="Internet Explorer 9.0" MaxConnections="6">
                <Headers>
                  <Header name="User-Agent" value="Mozilla/5.0 (compatible; MSIE 9.0; Windows NT 6.1; Trident/5.0)" />
                  <Header name="Accept" value="*/*" />
                  <Header name="Accept-Language" value="en-US,en;q=0.8,zh-Hans-CN;q=0.5,zh-Hans;q=0.3" />
                  <Header name="Accept-Encoding" value="GZIP" />
                </Headers>
              </Browser>
            </WebTestRunConfiguration>
          </TestTypeSpecific>
          <AgentRule name="LocalMachineDefaultRole">
          </AgentRule>
        </Execution>
      </TestSettings>
      <WebTestResultFilePath>TestResults[32]\In\29614c2d-1d36-4d0f-bfab-6894ba117738\RegisterNewUserTest.webtestResult</WebTestResultFilePath>
    </WebTestResult>
    <UnitTestResult executionId="495c6bfc-2ea3-4301-ac1a-f4dd3663032e" testId="5d62a4b0-dcba-4028-434b-2b747b4c411f" testName="UploadMultipleVersionOfPackage" computerName="CLAYCO7" startTime="2013-04-16T20:11:53.4487771-07:00" endTime="2013-04-16T20:11:53.4487771-07:00" testType="13cdc9d9-ddb5-4fa4-a97d-d965ccfc6d4b" outcome="Failed" testListId="b836686b-8922-4ce2-8bcc-bd368809954a" relativeResultsDirectory="495c6bfc-2ea3-4301-ac1a-f4dd3663032e">
      <Output>
        <ErrorInfo>
          <Message>Assembly Initialization method NuGetGallery.FunctionalTests.TestBase.GalleryTestBase.ClassInit threw exception. System.InvalidOperationException: System.InvalidOperationException: An error occurred while loading packages from'http://qa.nugettest.org/ api/v2/': The remote server returned an error: (404) Not Found. ---&gt; System.Net.WebException: The remote server returned an error: (404) Not Found.. Aborting test execution.</Message>
          <StackTrace>    at System.Net.HttpWebRequest.GetResponse()
   at NuGet.RequestHelper.GetResponse(Func`1 createRequest, Action`1 prepareRequest, IProxyCache proxyCache, ICredentialCache credentialCache, ICredentialProvider credentialProvider)
   at NuGet.HttpClient.GetResponse()
   at NuGet.RedirectedHttpClient.GetResponseUri(HttpClient client)
   at NuGet.RedirectedHttpClient.EnsureClient()
   at System.Lazy`1.CreateValue()
   at System.Lazy`1.LazyInitValue()
   at System.Lazy`1.get_Value()
   at NuGet.MemoryCache.GetOrAdd[T](Object cacheKey, Func`1 factory, TimeSpan expiration, Boolean absoluteExpiration)
   at NuGet.RedirectedHttpClient.get_CachedClient()
   at NuGet.RedirectedHttpClient.get_Uri()
   at NuGet.DataServicePackageRepository.get_Context()
   at NuGet.DataServicePackageRepository.FindPackagesById(String packageId)
 --- End of inner exception stack trace ---
    at NuGet.DataServicePackageRepository.FindPackagesById(String packageId)
   at NuGet.PackageRepositoryExtensions.FindPackagesById(IPackageRepository repository, String packageId)
   at NuGet.PackageRepositoryExtensions.FindPackage(IPackageRepository repository, String packageId, SemanticVersion version, IPackageConstraintProvider constraintProvider, Boolean allowPrereleaseVersions, Boolean allowUnlisted)
   at NuGet.PackageRepositoryExtensions.FindPackage(IPackageRepository repository, String packageId)
   at NuGetGallery.FunctionTests.Helpers.ClientSDKHelper.CheckIfPackageExistsInSource(String packageId, String sourceUrl) in d:\github.com\NuGetGallery\FunctionalTests\NuGetGallery.FunctionalTests.Helpers\ClientSDKHelper.cs:line 152
   at NuGetGallery.FunctionalTests.TestBase.GalleryTestBase.ClassInit(TestContext context) in d:\github.com\NuGetGallery\FunctionalTests\NuGetGallery.FunctionalTests\TestBase\GalleryTestBase.cs:line 27
</StackTrace>
        </ErrorInfo>
      </Output>
    </UnitTestResult>
    <WebTestResult executionId="4404770e-f385-4507-99e0-38c74933a51c" testId="9387a1a2-3523-2e44-8030-533d344923cf" testName="DeletePackageTest" computerName="CLAYCO7" duration="00:00:01.1635299" startTime="2013-04-16T20:11:53.4487771-07:00" endTime="2013-04-16T20:11:54.6207185-07:00" testType="37e36796-fb51-4610-8d5c-e00ceaa68b9f" testListId="b836686b-8922-4ce2-8bcc-bd368809954a" relativeResultsDirectory="4404770e-f385-4507-99e0-38c74933a51c">
      <Output>
        <ErrorInfo>
          <Message>Exception occurred: Assert.IsTrue failed. The package upload via Nuget.exe didnt suceed properly. Check the logs to see the process error and output stream</Message>
          <StackTrace>   at Microsoft.VisualStudio.TestTools.UnitTesting.Assert.HandleFail(String assertionName, String message, Object[] parameters)
   at Microsoft.VisualStudio.TestTools.UnitTesting.Assert.IsTrue(Boolean condition, String message)
   at NuGetGallery.FunctionalTests.AssertAndValidationHelper.UploadNewPackageAndVerify(String packageId, String version) in d:\github.com\NuGetGallery\FunctionalTests\NuGetGallery.FunctionalTests\WebUITests\AssertAndValidationHelper.cs:line 170
   at NuGetGallery.FunctionalTests.DeletePackageTest.&lt;GetRequestEnumerator&gt;d__0.MoveNext() in d:\github.com\NuGetGallery\FunctionalTests\NuGetGallery.FunctionalTests\WebUITests\PackageManagement\DeletePackageTest.cs:line 30
   at Microsoft.VisualStudio.TestTools.WebStress.WebTestCaseVariation.ExecuteNextTopLevelRequest()</StackTrace>
        </ErrorInfo>
      </Output>
      <ResultFiles>
        <ResultFile path="DeletePackageTest.webtestResult" />
      </ResultFiles>
      <TestSettings name="Local" id="62f583f0-2eca-4773-bed0-474a13faad76">
        <Description>These are default test settings for a local test run.</Description>
        <Deployment userDeploymentRoot="." useDefaultDeploymentRoot="false" runDeploymentRoot="TestResults[32]">
          <DeploymentItem filename=".nuget\NuGet.Config" />
          <DeploymentItem filename=".nuget\NuGet.exe" />
          <DeploymentItem filename=".nuget\NuGet.targets" />
        </Deployment>
        <NamingScheme baseName="TestResults" appendTimeStamp="false" useDefault="false" />
        <Execution>
          <TestTypeSpecific>
            <UnitTestRunConfig testTypeId="13cdc9d9-ddb5-4fa4-a97d-d965ccfc6d4b">
              <AssemblyResolution>
                <TestDirectory useLoadContext="true" />
              </AssemblyResolution>
            </UnitTestRunConfig>
            <WebTestRunConfiguration testTypeId="4e7599fa-5ecb-43e9-a887-cd63cf72d207">
              <Browser name="Internet Explorer 9.0" MaxConnections="6">
                <Headers>
                  <Header name="User-Agent" value="Mozilla/5.0 (compatible; MSIE 9.0; Windows NT 6.1; Trident/5.0)" />
                  <Header name="Accept" value="*/*" />
                  <Header name="Accept-Language" value="en-US,en;q=0.8,zh-Hans-CN;q=0.5,zh-Hans;q=0.3" />
                  <Header name="Accept-Encoding" value="GZIP" />
                </Headers>
              </Browser>
            </WebTestRunConfiguration>
          </TestTypeSpecific>
          <AgentRule name="LocalMachineDefaultRole">
          </AgentRule>
        </Execution>
      </TestSettings>
      <WebTestResultFilePath>TestResults[32]\In\4404770e-f385-4507-99e0-38c74933a51c\DeletePackageTest.webtestResult</WebTestResultFilePath>
    </WebTestResult>
    <UnitTestResult executionId="01790427-7ed7-43eb-ab5c-dc8f59714359" testId="04cd200b-33df-3564-ded5-686cdfe44f77" testName="DownloadPackageWithNuGetCoreTest" computerName="CLAYCO7" startTime="2013-04-16T20:11:54.6207185-07:00" endTime="2013-04-16T20:11:54.6207185-07:00" testType="13cdc9d9-ddb5-4fa4-a97d-d965ccfc6d4b" outcome="Failed" testListId="b836686b-8922-4ce2-8bcc-bd368809954a" relativeResultsDirectory="01790427-7ed7-43eb-ab5c-dc8f59714359">
      <Output>
        <ErrorInfo>
          <Message>Assembly Initialization method NuGetGallery.FunctionalTests.TestBase.GalleryTestBase.ClassInit threw exception. System.InvalidOperationException: System.InvalidOperationException: An error occurred while loading packages from'http://qa.nugettest.org/ api/v2/': The remote server returned an error: (404) Not Found. ---&gt; System.Net.WebException: The remote server returned an error: (404) Not Found.. Aborting test execution.</Message>
          <StackTrace>    at System.Net.HttpWebRequest.GetResponse()
   at NuGet.RequestHelper.GetResponse(Func`1 createRequest, Action`1 prepareRequest, IProxyCache proxyCache, ICredentialCache credentialCache, ICredentialProvider credentialProvider)
   at NuGet.HttpClient.GetResponse()
   at NuGet.RedirectedHttpClient.GetResponseUri(HttpClient client)
   at NuGet.RedirectedHttpClient.EnsureClient()
   at System.Lazy`1.CreateValue()
   at System.Lazy`1.LazyInitValue()
   at System.Lazy`1.get_Value()
   at NuGet.MemoryCache.GetOrAdd[T](Object cacheKey, Func`1 factory, TimeSpan expiration, Boolean absoluteExpiration)
   at NuGet.RedirectedHttpClient.get_CachedClient()
   at NuGet.RedirectedHttpClient.get_Uri()
   at NuGet.DataServicePackageRepository.get_Context()
   at NuGet.DataServicePackageRepository.FindPackagesById(String packageId)
 --- End of inner exception stack trace ---
    at NuGet.DataServicePackageRepository.FindPackagesById(String packageId)
   at NuGet.PackageRepositoryExtensions.FindPackagesById(IPackageRepository repository, String packageId)
   at NuGet.PackageRepositoryExtensions.FindPackage(IPackageRepository repository, String packageId, SemanticVersion version, IPackageConstraintProvider constraintProvider, Boolean allowPrereleaseVersions, Boolean allowUnlisted)
   at NuGet.PackageRepositoryExtensions.FindPackage(IPackageRepository repository, String packageId)
   at NuGetGallery.FunctionTests.Helpers.ClientSDKHelper.CheckIfPackageExistsInSource(String packageId, String sourceUrl) in d:\github.com\NuGetGallery\FunctionalTests\NuGetGallery.FunctionalTests.Helpers\ClientSDKHelper.cs:line 152
   at NuGetGallery.FunctionalTests.TestBase.GalleryTestBase.ClassInit(TestContext context) in d:\github.com\NuGetGallery\FunctionalTests\NuGetGallery.FunctionalTests\TestBase\GalleryTestBase.cs:line 27
</StackTrace>
        </ErrorInfo>
      </Output>
    </UnitTestResult>
    <WebTestResult executionId="d9d1e049-16fb-457c-b196-ce9e7f752080" testId="9ad6e2e2-a082-8088-00f6-e05079fd89a0" testName="StatisticsPageTest" computerName="CLAYCO7" duration="00:00:00.1648737" startTime="2013-04-16T20:11:54.6207185-07:00" endTime="2013-04-16T20:11:55.2930601-07:00" testType="37e36796-fb51-4610-8d5c-e00ceaa68b9f" outcome="Failed" testListId="f9b8ac1f-7978-4738-afc2-6918b063e5c3" relativeResultsDirectory="d9d1e049-16fb-457c-b196-ce9e7f752080">
      <Output>
        <ErrorInfo>
          <Message>1 primary requests, 0 dependant requests and 0 conditional rules failed</Message>
        </ErrorInfo>
      </Output>
      <ResultFiles>
        <ResultFile path="StatisticsPageTest.webtestResult" />
      </ResultFiles>
      <TestSettings name="Local" id="62f583f0-2eca-4773-bed0-474a13faad76">
        <Description>These are default test settings for a local test run.</Description>
        <Deployment userDeploymentRoot="." useDefaultDeploymentRoot="false" runDeploymentRoot="TestResults[32]">
          <DeploymentItem filename=".nuget\NuGet.Config" />
          <DeploymentItem filename=".nuget\NuGet.exe" />
          <DeploymentItem filename=".nuget\NuGet.targets" />
        </Deployment>
        <NamingScheme baseName="TestResults" appendTimeStamp="false" useDefault="false" />
        <Execution>
          <TestTypeSpecific>
            <UnitTestRunConfig testTypeId="13cdc9d9-ddb5-4fa4-a97d-d965ccfc6d4b">
              <AssemblyResolution>
                <TestDirectory useLoadContext="true" />
              </AssemblyResolution>
            </UnitTestRunConfig>
            <WebTestRunConfiguration testTypeId="4e7599fa-5ecb-43e9-a887-cd63cf72d207">
              <Browser name="Internet Explorer 9.0" MaxConnections="6">
                <Headers>
                  <Header name="User-Agent" value="Mozilla/5.0 (compatible; MSIE 9.0; Windows NT 6.1; Trident/5.0)" />
                  <Header name="Accept" value="*/*" />
                  <Header name="Accept-Language" value="en-US,en;q=0.8,zh-Hans-CN;q=0.5,zh-Hans;q=0.3" />
                  <Header name="Accept-Encoding" value="GZIP" />
                </Headers>
              </Browser>
            </WebTestRunConfiguration>
          </TestTypeSpecific>
          <AgentRule name="LocalMachineDefaultRole">
          </AgentRule>
        </Execution>
      </TestSettings>
      <WebTestResultFilePath>TestResults[32]\In\d9d1e049-16fb-457c-b196-ce9e7f752080\StatisticsPageTest.webtestResult</WebTestResultFilePath>
    </WebTestResult>
    <WebTestResult executionId="c6425e85-5592-424e-b8e0-793984418833" testId="a1c602d9-292b-1042-380c-707cec091de9" testName="LogonTest" computerName="CLAYCO7" duration="00:00:00.1676255" startTime="2013-04-16T20:11:55.2960607-07:00" endTime="2013-04-16T20:11:55.4652022-07:00" testType="37e36796-fb51-4610-8d5c-e00ceaa68b9f" testListId="f9b8ac1f-7978-4738-afc2-6918b063e5c3" relativeResultsDirectory="c6425e85-5592-424e-b8e0-793984418833">
      <Output>
        <ErrorInfo>
          <Message>Exception occurred: There is no context parameter with the name '$HIDDEN1.__RequestVerificationToken' in the WebTestContext</Message>
          <StackTrace>   at Microsoft.VisualStudio.TestTools.WebTesting.WebTestContext.get_Item(String key)
   at NuGetGallery.FunctionalTests.AssertAndValidationHelper.GetLogonPostRequest(WebTest test, String accountName, String password) in d:\github.com\NuGetGallery\FunctionalTests\NuGetGallery.FunctionalTests\WebUITests\AssertAndValidationHelper.cs:line 108
   at NuGetGallery.FunctionalTests.LogonTest.&lt;GetRequestEnumerator&gt;d__0.MoveNext() in d:\github.com\NuGetGallery\FunctionalTests\NuGetGallery.FunctionalTests\WebUITests\AccountManagement\LogonTest.cs:line 29
   at Microsoft.VisualStudio.TestTools.WebStress.WebTestCaseVariation.ExecuteNextTopLevelRequest()</StackTrace>
        </ErrorInfo>
      </Output>
      <ResultFiles>
        <ResultFile path="LogonTest.webtestResult" />
      </ResultFiles>
      <TestSettings name="Local" id="62f583f0-2eca-4773-bed0-474a13faad76">
        <Description>These are default test settings for a local test run.</Description>
        <Deployment userDeploymentRoot="." useDefaultDeploymentRoot="false" runDeploymentRoot="TestResults[32]">
          <DeploymentItem filename=".nuget\NuGet.Config" />
          <DeploymentItem filename=".nuget\NuGet.exe" />
          <DeploymentItem filename=".nuget\NuGet.targets" />
        </Deployment>
        <NamingScheme baseName="TestResults" appendTimeStamp="false" useDefault="false" />
        <Execution>
          <TestTypeSpecific>
            <UnitTestRunConfig testTypeId="13cdc9d9-ddb5-4fa4-a97d-d965ccfc6d4b">
              <AssemblyResolution>
                <TestDirectory useLoadContext="true" />
              </AssemblyResolution>
            </UnitTestRunConfig>
            <WebTestRunConfiguration testTypeId="4e7599fa-5ecb-43e9-a887-cd63cf72d207">
              <Browser name="Internet Explorer 9.0" MaxConnections="6">
                <Headers>
                  <Header name="User-Agent" value="Mozilla/5.0 (compatible; MSIE 9.0; Windows NT 6.1; Trident/5.0)" />
                  <Header name="Accept" value="*/*" />
                  <Header name="Accept-Language" value="en-US,en;q=0.8,zh-Hans-CN;q=0.5,zh-Hans;q=0.3" />
                  <Header name="Accept-Encoding" value="GZIP" />
                </Headers>
              </Browser>
            </WebTestRunConfiguration>
          </TestTypeSpecific>
          <AgentRule name="LocalMachineDefaultRole">
          </AgentRule>
        </Execution>
      </TestSettings>
      <WebTestResultFilePath>TestResults[32]\In\c6425e85-5592-424e-b8e0-793984418833\LogonTest.webtestResult</WebTestResultFilePath>
    </WebTestResult>
    <UnitTestResult executionId="4bd9f34c-1ff6-4c85-a3df-6d8db5ecb10b" testId="f206f30d-af4b-ae66-9032-732bc03336c1" testName="DownPackageWithNuGetCommandLineTest" computerName="CLAYCO7" startTime="2013-04-16T20:11:55.4672042-07:00" endTime="2013-04-16T20:11:55.4692056-07:00" testType="13cdc9d9-ddb5-4fa4-a97d-d965ccfc6d4b" outcome="Failed" testListId="f9b8ac1f-7978-4738-afc2-6918b063e5c3" relativeResultsDirectory="4bd9f34c-1ff6-4c85-a3df-6d8db5ecb10b">
      <Output>
        <ErrorInfo>
          <Message>Assembly Initialization method NuGetGallery.FunctionalTests.TestBase.GalleryTestBase.ClassInit threw exception. System.InvalidOperationException: System.InvalidOperationException: An error occurred while loading packages from'http://qa.nugettest.org/ api/v2/': The remote server returned an error: (404) Not Found. ---&gt; System.Net.WebException: The remote server returned an error: (404) Not Found.. Aborting test execution.</Message>
          <StackTrace>    at System.Net.HttpWebRequest.GetResponse()
   at NuGet.RequestHelper.GetResponse(Func`1 createRequest, Action`1 prepareRequest, IProxyCache proxyCache, ICredentialCache credentialCache, ICredentialProvider credentialProvider)
   at NuGet.HttpClient.GetResponse()
   at NuGet.RedirectedHttpClient.GetResponseUri(HttpClient client)
   at NuGet.RedirectedHttpClient.EnsureClient()
   at System.Lazy`1.CreateValue()
   at System.Lazy`1.LazyInitValue()
   at System.Lazy`1.get_Value()
   at NuGet.MemoryCache.GetOrAdd[T](Object cacheKey, Func`1 factory, TimeSpan expiration, Boolean absoluteExpiration)
   at NuGet.RedirectedHttpClient.get_CachedClient()
   at NuGet.RedirectedHttpClient.get_Uri()
   at NuGet.DataServicePackageRepository.get_Context()
   at NuGet.DataServicePackageRepository.FindPackagesById(String packageId)
 --- End of inner exception stack trace ---
    at NuGet.DataServicePackageRepository.FindPackagesById(String packageId)
   at NuGet.PackageRepositoryExtensions.FindPackagesById(IPackageRepository repository, String packageId)
   at NuGet.PackageRepositoryExtensions.FindPackage(IPackageRepository repository, String packageId, SemanticVersion version, IPackageConstraintProvider constraintProvider, Boolean allowPrereleaseVersions, Boolean allowUnlisted)
   at NuGet.PackageRepositoryExtensions.FindPackage(IPackageRepository repository, String packageId)
   at NuGetGallery.FunctionTests.Helpers.ClientSDKHelper.CheckIfPackageExistsInSource(String packageId, String sourceUrl) in d:\github.com\NuGetGallery\FunctionalTests\NuGetGallery.FunctionalTests.Helpers\ClientSDKHelper.cs:line 152
   at NuGetGallery.FunctionalTests.TestBase.GalleryTestBase.ClassInit(TestContext context) in d:\github.com\NuGetGallery\FunctionalTests\NuGetGallery.FunctionalTests\TestBase\GalleryTestBase.cs:line 27
</StackTrace>
        </ErrorInfo>
      </Output>
    </UnitTestResult>
    <WebTestResult executionId="63f37571-040e-4d84-a3fc-eade19e4a377" testId="c320789f-a801-c187-e7d8-0f17b24ff835" testName="ReadOnlyModeRegisterNewUserTest" computerName="CLAYCO7" duration="00:00:00.1182815" startTime="2013-04-16T20:11:55.4702064-07:00" endTime="2013-04-16T20:11:55.5913078-07:00" testType="37e36796-fb51-4610-8d5c-e00ceaa68b9f" testListId="f9b8ac1f-7978-4738-afc2-6918b063e5c3" relativeResultsDirectory="63f37571-040e-4d84-a3fc-eade19e4a377">
      <Output>
        <ErrorInfo>
          <Message>Exception occurred: There is no context parameter with the name '$HIDDEN1.__RequestVerificationToken' in the WebTestContext</Message>
          <StackTrace>   at Microsoft.VisualStudio.TestTools.WebTesting.WebTestContext.get_Item(String key)
   at NuGetGallery.FunctionalTests.ReadOnlyModeRegisterNewUserTest.&lt;GetRequestEnumerator&gt;d__0.MoveNext() in d:\github.com\NuGetGallery\FunctionalTests\NuGetGallery.FunctionalTests\WebUITests\ReadOnlyMode\ReadOnlyModeRegisterNewUserTest.cs:line 34
   at Microsoft.VisualStudio.TestTools.WebStress.WebTestCaseVariation.ExecuteNextTopLevelRequest()</StackTrace>
        </ErrorInfo>
      </Output>
      <ResultFiles>
        <ResultFile path="ReadOnlyModeRegisterNewUserTest.webtestResult" />
      </ResultFiles>
      <TestSettings name="Local" id="62f583f0-2eca-4773-bed0-474a13faad76">
        <Description>These are default test settings for a local test run.</Description>
        <Deployment userDeploymentRoot="." useDefaultDeploymentRoot="false" runDeploymentRoot="TestResults[32]">
          <DeploymentItem filename=".nuget\NuGet.Config" />
          <DeploymentItem filename=".nuget\NuGet.exe" />
          <DeploymentItem filename=".nuget\NuGet.targets" />
        </Deployment>
        <NamingScheme baseName="TestResults" appendTimeStamp="false" useDefault="false" />
        <Execution>
          <TestTypeSpecific>
            <UnitTestRunConfig testTypeId="13cdc9d9-ddb5-4fa4-a97d-d965ccfc6d4b">
              <AssemblyResolution>
                <TestDirectory useLoadContext="true" />
              </AssemblyResolution>
            </UnitTestRunConfig>
            <WebTestRunConfiguration testTypeId="4e7599fa-5ecb-43e9-a887-cd63cf72d207">
              <Browser name="Internet Explorer 9.0" MaxConnections="6">
                <Headers>
                  <Header name="User-Agent" value="Mozilla/5.0 (compatible; MSIE 9.0; Windows NT 6.1; Trident/5.0)" />
                  <Header name="Accept" value="*/*" />
                  <Header name="Accept-Language" value="en-US,en;q=0.8,zh-Hans-CN;q=0.5,zh-Hans;q=0.3" />
                  <Header name="Accept-Encoding" value="GZIP" />
                </Headers>
              </Browser>
            </WebTestRunConfiguration>
          </TestTypeSpecific>
          <AgentRule name="LocalMachineDefaultRole">
          </AgentRule>
        </Execution>
      </TestSettings>
      <WebTestResultFilePath>TestResults[32]\In\63f37571-040e-4d84-a3fc-eade19e4a377\ReadOnlyModeRegisterNewUserTest.webtestResult</WebTestResultFilePath>
    </WebTestResult>
    <UnitTestResult executionId="efe84e02-2fd4-4730-9a09-94f0a73e8957" testId="04cd200b-33df-3564-ded5-686cdfe44f77" testName="DownloadPackageWithNuGetCoreTest" computerName="CLAYCO7" startTime="2013-04-16T20:11:55.5923089-07:00" endTime="2013-04-16T20:11:55.5943103-07:00" testType="13cdc9d9-ddb5-4fa4-a97d-d965ccfc6d4b" outcome="Failed" testListId="f9b8ac1f-7978-4738-afc2-6918b063e5c3" relativeResultsDirectory="efe84e02-2fd4-4730-9a09-94f0a73e8957">
      <Output>
        <ErrorInfo>
          <Message>Assembly Initialization method NuGetGallery.FunctionalTests.TestBase.GalleryTestBase.ClassInit threw exception. System.InvalidOperationException: System.InvalidOperationException: An error occurred while loading packages from'http://qa.nugettest.org/ api/v2/': The remote server returned an error: (404) Not Found. ---&gt; System.Net.WebException: The remote server returned an error: (404) Not Found.. Aborting test execution.</Message>
          <StackTrace>    at System.Net.HttpWebRequest.GetResponse()
   at NuGet.RequestHelper.GetResponse(Func`1 createRequest, Action`1 prepareRequest, IProxyCache proxyCache, ICredentialCache credentialCache, ICredentialProvider credentialProvider)
   at NuGet.HttpClient.GetResponse()
   at NuGet.RedirectedHttpClient.GetResponseUri(HttpClient client)
   at NuGet.RedirectedHttpClient.EnsureClient()
   at System.Lazy`1.CreateValue()
   at System.Lazy`1.LazyInitValue()
   at System.Lazy`1.get_Value()
   at NuGet.MemoryCache.GetOrAdd[T](Object cacheKey, Func`1 factory, TimeSpan expiration, Boolean absoluteExpiration)
   at NuGet.RedirectedHttpClient.get_CachedClient()
   at NuGet.RedirectedHttpClient.get_Uri()
   at NuGet.DataServicePackageRepository.get_Context()
   at NuGet.DataServicePackageRepository.FindPackagesById(String packageId)
 --- End of inner exception stack trace ---
    at NuGet.DataServicePackageRepository.FindPackagesById(String packageId)
   at NuGet.PackageRepositoryExtensions.FindPackagesById(IPackageRepository repository, String packageId)
   at NuGet.PackageRepositoryExtensions.FindPackage(IPackageRepository repository, String packageId, SemanticVersion version, IPackageConstraintProvider constraintProvider, Boolean allowPrereleaseVersions, Boolean allowUnlisted)
   at NuGet.PackageRepositoryExtensions.FindPackage(IPackageRepository repository, String packageId)
   at NuGetGallery.FunctionTests.Helpers.ClientSDKHelper.CheckIfPackageExistsInSource(String packageId, String sourceUrl) in d:\github.com\NuGetGallery\FunctionalTests\NuGetGallery.FunctionalTests.Helpers\ClientSDKHelper.cs:line 152
   at NuGetGallery.FunctionalTests.TestBase.GalleryTestBase.ClassInit(TestContext context) in d:\github.com\NuGetGallery\FunctionalTests\NuGetGallery.FunctionalTests\TestBase\GalleryTestBase.cs:line 27
</StackTrace>
        </ErrorInfo>
      </Output>
    </UnitTestResult>
    <WebTestResult executionId="a58606de-7587-45c5-a1a0-745db132cbaa" testId="d527504e-456c-ed4a-8eba-7c20c18ba47d" testName="HomePageValidationTest" computerName="CLAYCO7" duration="00:00:00.4060042" startTime="2013-04-16T20:11:55.5963120-07:00" endTime="2013-04-16T20:11:56.0046538-07:00" testType="37e36796-fb51-4610-8d5c-e00ceaa68b9f" outcome="Passed" testListId="f9b8ac1f-7978-4738-afc2-6918b063e5c3" relativeResultsDirectory="a58606de-7587-45c5-a1a0-745db132cbaa">
      <ResultFiles>
        <ResultFile path="HomePageValidationTest.webtestResult" />
      </ResultFiles>
      <TestSettings name="Local" id="62f583f0-2eca-4773-bed0-474a13faad76">
        <Description>These are default test settings for a local test run.</Description>
        <Deployment userDeploymentRoot="." useDefaultDeploymentRoot="false" runDeploymentRoot="TestResults[32]">
          <DeploymentItem filename=".nuget\NuGet.Config" />
          <DeploymentItem filename=".nuget\NuGet.exe" />
          <DeploymentItem filename=".nuget\NuGet.targets" />
        </Deployment>
        <NamingScheme baseName="TestResults" appendTimeStamp="false" useDefault="false" />
        <Execution>
          <TestTypeSpecific>
            <UnitTestRunConfig testTypeId="13cdc9d9-ddb5-4fa4-a97d-d965ccfc6d4b">
              <AssemblyResolution>
                <TestDirectory useLoadContext="true" />
              </AssemblyResolution>
            </UnitTestRunConfig>
            <WebTestRunConfiguration testTypeId="4e7599fa-5ecb-43e9-a887-cd63cf72d207">
              <Browser name="Internet Explorer 9.0" MaxConnections="6">
                <Headers>
                  <Header name="User-Agent" value="Mozilla/5.0 (compatible; MSIE 9.0; Windows NT 6.1; Trident/5.0)" />
                  <Header name="Accept" value="*/*" />
                  <Header name="Accept-Language" value="en-US,en;q=0.8,zh-Hans-CN;q=0.5,zh-Hans;q=0.3" />
                  <Header name="Accept-Encoding" value="GZIP" />
                </Headers>
              </Browser>
            </WebTestRunConfiguration>
          </TestTypeSpecific>
          <AgentRule name="LocalMachineDefaultRole">
          </AgentRule>
        </Execution>
      </TestSettings>
      <WebTestResultFilePath>TestResults[32]\In\a58606de-7587-45c5-a1a0-745db132cbaa\HomePageValidationTest.webtestResult</WebTestResultFilePath>
    </WebTestResult>
    <UnitTestResult executionId="e26156db-9700-4b04-8fdd-85a82a6dfb1c" testId="38905457-2302-9ddf-ad04-3107d5b18355" testName="UploadAndDownLoadPackageWithMinClientVersion" computerName="CLAYCO7" startTime="2013-04-16T20:11:56.0056549-07:00" endTime="2013-04-16T20:11:56.0076563-07:00" testType="13cdc9d9-ddb5-4fa4-a97d-d965ccfc6d4b" outcome="Failed" testListId="8c84fa94-04c1-424b-9868-57a2d4851a1d" relativeResultsDirectory="e26156db-9700-4b04-8fdd-85a82a6dfb1c">
      <Output>
        <ErrorInfo>
          <Message>Assembly Initialization method NuGetGallery.FunctionalTests.TestBase.GalleryTestBase.ClassInit threw exception. System.InvalidOperationException: System.InvalidOperationException: An error occurred while loading packages from'http://qa.nugettest.org/ api/v2/': The remote server returned an error: (404) Not Found. ---&gt; System.Net.WebException: The remote server returned an error: (404) Not Found.. Aborting test execution.</Message>
          <StackTrace>    at System.Net.HttpWebRequest.GetResponse()
   at NuGet.RequestHelper.GetResponse(Func`1 createRequest, Action`1 prepareRequest, IProxyCache proxyCache, ICredentialCache credentialCache, ICredentialProvider credentialProvider)
   at NuGet.HttpClient.GetResponse()
   at NuGet.RedirectedHttpClient.GetResponseUri(HttpClient client)
   at NuGet.RedirectedHttpClient.EnsureClient()
   at System.Lazy`1.CreateValue()
   at System.Lazy`1.LazyInitValue()
   at System.Lazy`1.get_Value()
   at NuGet.MemoryCache.GetOrAdd[T](Object cacheKey, Func`1 factory, TimeSpan expiration, Boolean absoluteExpiration)
   at NuGet.RedirectedHttpClient.get_CachedClient()
   at NuGet.RedirectedHttpClient.get_Uri()
   at NuGet.DataServicePackageRepository.get_Context()
   at NuGet.DataServicePackageRepository.FindPackagesById(String packageId)
 --- End of inner exception stack trace ---
    at NuGet.DataServicePackageRepository.FindPackagesById(String packageId)
   at NuGet.PackageRepositoryExtensions.FindPackagesById(IPackageRepository repository, String packageId)
   at NuGet.PackageRepositoryExtensions.FindPackage(IPackageRepository repository, String packageId, SemanticVersion version, IPackageConstraintProvider constraintProvider, Boolean allowPrereleaseVersions, Boolean allowUnlisted)
   at NuGet.PackageRepositoryExtensions.FindPackage(IPackageRepository repository, String packageId)
   at NuGetGallery.FunctionTests.Helpers.ClientSDKHelper.CheckIfPackageExistsInSource(String packageId, String sourceUrl) in d:\github.com\NuGetGallery\FunctionalTests\NuGetGallery.FunctionalTests.Helpers\ClientSDKHelper.cs:line 152
   at NuGetGallery.FunctionalTests.TestBase.GalleryTestBase.ClassInit(TestContext context) in d:\github.com\NuGetGallery\FunctionalTests\NuGetGallery.FunctionalTests\TestBase\GalleryTestBase.cs:line 27
</StackTrace>
        </ErrorInfo>
      </Output>
    </UnitTestResult>
    <UnitTestResult executionId="03c381fa-3f46-44b0-898c-b718f77d893b" testId="aedace0f-10de-70d5-5e45-b7227987df86" testName="UploadAndDownLoadPackageWithDotCsNames" computerName="CLAYCO7" startTime="2013-04-16T20:11:56.0086571-07:00" endTime="2013-04-16T20:11:56.0106588-07:00" testType="13cdc9d9-ddb5-4fa4-a97d-d965ccfc6d4b" outcome="Failed" testListId="8c84fa94-04c1-424b-9868-57a2d4851a1d" relativeResultsDirectory="03c381fa-3f46-44b0-898c-b718f77d893b">
      <Output>
        <ErrorInfo>
          <Message>Assembly Initialization method NuGetGallery.FunctionalTests.TestBase.GalleryTestBase.ClassInit threw exception. System.InvalidOperationException: System.InvalidOperationException: An error occurred while loading packages from'http://qa.nugettest.org/ api/v2/': The remote server returned an error: (404) Not Found. ---&gt; System.Net.WebException: The remote server returned an error: (404) Not Found.. Aborting test execution.</Message>
          <StackTrace>    at System.Net.HttpWebRequest.GetResponse()
   at NuGet.RequestHelper.GetResponse(Func`1 createRequest, Action`1 prepareRequest, IProxyCache proxyCache, ICredentialCache credentialCache, ICredentialProvider credentialProvider)
   at NuGet.HttpClient.GetResponse()
   at NuGet.RedirectedHttpClient.GetResponseUri(HttpClient client)
   at NuGet.RedirectedHttpClient.EnsureClient()
   at System.Lazy`1.CreateValue()
   at System.Lazy`1.LazyInitValue()
   at System.Lazy`1.get_Value()
   at NuGet.MemoryCache.GetOrAdd[T](Object cacheKey, Func`1 factory, TimeSpan expiration, Boolean absoluteExpiration)
   at NuGet.RedirectedHttpClient.get_CachedClient()
   at NuGet.RedirectedHttpClient.get_Uri()
   at NuGet.DataServicePackageRepository.get_Context()
   at NuGet.DataServicePackageRepository.FindPackagesById(String packageId)
 --- End of inner exception stack trace ---
    at NuGet.DataServicePackageRepository.FindPackagesById(String packageId)
   at NuGet.PackageRepositoryExtensions.FindPackagesById(IPackageRepository repository, String packageId)
   at NuGet.PackageRepositoryExtensions.FindPackage(IPackageRepository repository, String packageId, SemanticVersion version, IPackageConstraintProvider constraintProvider, Boolean allowPrereleaseVersions, Boolean allowUnlisted)
   at NuGet.PackageRepositoryExtensions.FindPackage(IPackageRepository repository, String packageId)
   at NuGetGallery.FunctionTests.Helpers.ClientSDKHelper.CheckIfPackageExistsInSource(String packageId, String sourceUrl) in d:\github.com\NuGetGallery\FunctionalTests\NuGetGallery.FunctionalTests.Helpers\ClientSDKHelper.cs:line 152
   at NuGetGallery.FunctionalTests.TestBase.GalleryTestBase.ClassInit(TestContext context) in d:\github.com\NuGetGallery\FunctionalTests\NuGetGallery.FunctionalTests\TestBase\GalleryTestBase.cs:line 27
</StackTrace>
        </ErrorInfo>
      </Output>
    </UnitTestResult>
    <UnitTestResult executionId="358774a8-3492-4ab4-a4ab-e2ab8228bcf0" testId="2653a81d-b439-f73a-c036-efc0ec29de69" testName="AddPackageToWindows8CuratedFeed" computerName="CLAYCO7" startTime="2013-04-16T20:11:56.0116596-07:00" endTime="2013-04-16T20:11:56.0156687-07:00" testType="13cdc9d9-ddb5-4fa4-a97d-d965ccfc6d4b" outcome="Failed" testListId="8c84fa94-04c1-424b-9868-57a2d4851a1d" relativeResultsDirectory="358774a8-3492-4ab4-a4ab-e2ab8228bcf0">
      <Output>
        <ErrorInfo>
          <Message>Assembly Initialization method NuGetGallery.FunctionalTests.TestBase.GalleryTestBase.ClassInit threw exception. System.InvalidOperationException: System.InvalidOperationException: An error occurred while loading packages from'http://qa.nugettest.org/ api/v2/': The remote server returned an error: (404) Not Found. ---&gt; System.Net.WebException: The remote server returned an error: (404) Not Found.. Aborting test execution.</Message>
          <StackTrace>    at System.Net.HttpWebRequest.GetResponse()
   at NuGet.RequestHelper.GetResponse(Func`1 createRequest, Action`1 prepareRequest, IProxyCache proxyCache, ICredentialCache credentialCache, ICredentialProvider credentialProvider)
   at NuGet.HttpClient.GetResponse()
   at NuGet.RedirectedHttpClient.GetResponseUri(HttpClient client)
   at NuGet.RedirectedHttpClient.EnsureClient()
   at System.Lazy`1.CreateValue()
   at System.Lazy`1.LazyInitValue()
   at System.Lazy`1.get_Value()
   at NuGet.MemoryCache.GetOrAdd[T](Object cacheKey, Func`1 factory, TimeSpan expiration, Boolean absoluteExpiration)
   at NuGet.RedirectedHttpClient.get_CachedClient()
   at NuGet.RedirectedHttpClient.get_Uri()
   at NuGet.DataServicePackageRepository.get_Context()
   at NuGet.DataServicePackageRepository.FindPackagesById(String packageId)
 --- End of inner exception stack trace ---
    at NuGet.DataServicePackageRepository.FindPackagesById(String packageId)
   at NuGet.PackageRepositoryExtensions.FindPackagesById(IPackageRepository repository, String packageId)
   at NuGet.PackageRepositoryExtensions.FindPackage(IPackageRepository repository, String packageId, SemanticVersion version, IPackageConstraintProvider constraintProvider, Boolean allowPrereleaseVersions, Boolean allowUnlisted)
   at NuGet.PackageRepositoryExtensions.FindPackage(IPackageRepository repository, String packageId)
   at NuGetGallery.FunctionTests.Helpers.ClientSDKHelper.CheckIfPackageExistsInSource(String packageId, String sourceUrl) in d:\github.com\NuGetGallery\FunctionalTests\NuGetGallery.FunctionalTests.Helpers\ClientSDKHelper.cs:line 152
   at NuGetGallery.FunctionalTests.TestBase.GalleryTestBase.ClassInit(TestContext context) in d:\github.com\NuGetGallery\FunctionalTests\NuGetGallery.FunctionalTests\TestBase\GalleryTestBase.cs:line 27
</StackTrace>
        </ErrorInfo>
      </Output>
    </UnitTestResult>
    <WebTestResult executionId="39093511-550a-4fc1-9402-73cc31e968d9" testId="5d66c021-336a-34c0-9414-19ea84bd29bc" testName="InvalidLogonTest" computerName="CLAYCO7" duration="00:00:00.1212984" startTime="2013-04-16T20:11:56.0176647-07:00" endTime="2013-04-16T20:11:56.1437702-07:00" testType="37e36796-fb51-4610-8d5c-e00ceaa68b9f" testListId="8c84fa94-04c1-424b-9868-57a2d4851a1d" relativeResultsDirectory="39093511-550a-4fc1-9402-73cc31e968d9">
      <Output>
        <ErrorInfo>
          <Message>Exception occurred: There is no context parameter with the name '$HIDDEN1.__RequestVerificationToken' in the WebTestContext</Message>
          <StackTrace>   at Microsoft.VisualStudio.TestTools.WebTesting.WebTestContext.get_Item(String key)
   at NuGetGallery.FunctionalTests.InvalidLogonTest.&lt;GetRequestEnumerator&gt;d__0.MoveNext() in d:\github.com\NuGetGallery\FunctionalTests\NuGetGallery.FunctionalTests\WebUITests\AccountManagement\InvalidLogonTest.cs:line 34
   at Microsoft.VisualStudio.TestTools.WebStress.WebTestCaseVariation.ExecuteNextTopLevelRequest()</StackTrace>
        </ErrorInfo>
      </Output>
      <ResultFiles>
        <ResultFile path="InvalidLogonTest.webtestResult" />
      </ResultFiles>
      <TestSettings name="Local" id="62f583f0-2eca-4773-bed0-474a13faad76">
        <Description>These are default test settings for a local test run.</Description>
        <Deployment userDeploymentRoot="." useDefaultDeploymentRoot="false" runDeploymentRoot="TestResults[32]">
          <DeploymentItem filename=".nuget\NuGet.Config" />
          <DeploymentItem filename=".nuget\NuGet.exe" />
          <DeploymentItem filename=".nuget\NuGet.targets" />
        </Deployment>
        <NamingScheme baseName="TestResults" appendTimeStamp="false" useDefault="false" />
        <Execution>
          <TestTypeSpecific>
            <UnitTestRunConfig testTypeId="13cdc9d9-ddb5-4fa4-a97d-d965ccfc6d4b">
              <AssemblyResolution>
                <TestDirectory useLoadContext="true" />
              </AssemblyResolution>
            </UnitTestRunConfig>
            <WebTestRunConfiguration testTypeId="4e7599fa-5ecb-43e9-a887-cd63cf72d207">
              <Browser name="Internet Explorer 9.0" MaxConnections="6">
                <Headers>
                  <Header name="User-Agent" value="Mozilla/5.0 (compatible; MSIE 9.0; Windows NT 6.1; Trident/5.0)" />
                  <Header name="Accept" value="*/*" />
                  <Header name="Accept-Language" value="en-US,en;q=0.8,zh-Hans-CN;q=0.5,zh-Hans;q=0.3" />
                  <Header name="Accept-Encoding" value="GZIP" />
                </Headers>
              </Browser>
            </WebTestRunConfiguration>
          </TestTypeSpecific>
          <AgentRule name="LocalMachineDefaultRole">
          </AgentRule>
        </Execution>
      </TestSettings>
      <WebTestResultFilePath>TestResults[32]\In\39093511-550a-4fc1-9402-73cc31e968d9\InvalidLogonTest.webtestResult</WebTestResultFilePath>
    </WebTestResult>
    <WebTestResult executionId="35843160-3c8c-486c-ae8d-5eb1a5a7449c" testId="d53feaf3-be7c-3e85-2afa-d33fc0e450a3" testName="SecurityHeaderTest" computerName="CLAYCO7" duration="00:00:00.4708039" startTime="2013-04-16T20:11:56.1447711-07:00" endTime="2013-04-16T20:11:56.6159427-07:00" testType="37e36796-fb51-4610-8d5c-e00ceaa68b9f" outcome="Failed" testListId="8c84fa94-04c1-424b-9868-57a2d4851a1d" relativeResultsDirectory="35843160-3c8c-486c-ae8d-5eb1a5a7449c">
      <Output>
        <ErrorInfo>
          <Message>1 primary requests, 0 dependant requests and 0 conditional rules failed</Message>
        </ErrorInfo>
      </Output>
      <ResultFiles>
        <ResultFile path="SecurityHeaderTest.webtestResult" />
      </ResultFiles>
      <TestSettings name="Local" id="62f583f0-2eca-4773-bed0-474a13faad76">
        <Description>These are default test settings for a local test run.</Description>
        <Deployment userDeploymentRoot="." useDefaultDeploymentRoot="false" runDeploymentRoot="TestResults[32]">
          <DeploymentItem filename=".nuget\NuGet.Config" />
          <DeploymentItem filename=".nuget\NuGet.exe" />
          <DeploymentItem filename=".nuget\NuGet.targets" />
        </Deployment>
        <NamingScheme baseName="TestResults" appendTimeStamp="false" useDefault="false" />
        <Execution>
          <TestTypeSpecific>
            <UnitTestRunConfig testTypeId="13cdc9d9-ddb5-4fa4-a97d-d965ccfc6d4b">
              <AssemblyResolution>
                <TestDirectory useLoadContext="true" />
              </AssemblyResolution>
            </UnitTestRunConfig>
            <WebTestRunConfiguration testTypeId="4e7599fa-5ecb-43e9-a887-cd63cf72d207">
              <Browser name="Internet Explorer 9.0" MaxConnections="6">
                <Headers>
                  <Header name="User-Agent" value="Mozilla/5.0 (compatible; MSIE 9.0; Windows NT 6.1; Trident/5.0)" />
                  <Header name="Accept" value="*/*" />
                  <Header name="Accept-Language" value="en-US,en;q=0.8,zh-Hans-CN;q=0.5,zh-Hans;q=0.3" />
                  <Header name="Accept-Encoding" value="GZIP" />
                </Headers>
              </Browser>
            </WebTestRunConfiguration>
          </TestTypeSpecific>
          <AgentRule name="LocalMachineDefaultRole">
          </AgentRule>
        </Execution>
      </TestSettings>
      <WebTestResultFilePath>TestResults[32]\In\35843160-3c8c-486c-ae8d-5eb1a5a7449c\SecurityHeaderTest.webtestResult</WebTestResultFilePath>
    </WebTestResult>
    <WebTestResult executionId="ea57eb96-ad92-4a8c-85f8-85026e056d61" testId="e95ef3f5-4ae2-36dc-5d98-7ace7daaf2ea" testName="ContactUsAndReportAbuseLinkTest" computerName="CLAYCO7" duration="00:00:00.1218738" startTime="2013-04-16T20:11:56.6159427-07:00" endTime="2013-04-16T20:11:56.7409507-07:00" testType="37e36796-fb51-4610-8d5c-e00ceaa68b9f" testListId="8c84fa94-04c1-424b-9868-57a2d4851a1d" relativeResultsDirectory="ea57eb96-ad92-4a8c-85f8-85026e056d61">
      <Output>
        <ErrorInfo>
          <Message>Exception occurred: There is no context parameter with the name '$HIDDEN1.__RequestVerificationToken' in the WebTestContext</Message>
          <StackTrace>   at Microsoft.VisualStudio.TestTools.WebTesting.WebTestContext.get_Item(String key)
   at NuGetGallery.FunctionalTests.AssertAndValidationHelper.GetLogonPostRequest(WebTest test, String accountName, String password) in d:\github.com\NuGetGallery\FunctionalTests\NuGetGallery.FunctionalTests\WebUITests\AssertAndValidationHelper.cs:line 108
   at NuGetGallery.FunctionalTests.WebUITests.PackageManagement.ContactUsAndReportAbuseLinkTest.&lt;GetRequestEnumerator&gt;d__0.MoveNext() in d:\github.com\NuGetGallery\FunctionalTests\NuGetGallery.FunctionalTests\WebUITests\PackageManagement\ContactUsAndReportAbuseLinkTest.cs:line 28
   at Microsoft.VisualStudio.TestTools.WebStress.WebTestCaseVariation.ExecuteNextTopLevelRequest()</StackTrace>
        </ErrorInfo>
      </Output>
      <ResultFiles>
        <ResultFile path="ContactUsAndReportAbuseLinkTest.webtestResult" />
      </ResultFiles>
      <TestSettings name="Local" id="62f583f0-2eca-4773-bed0-474a13faad76">
        <Description>These are default test settings for a local test run.</Description>
        <Deployment userDeploymentRoot="." useDefaultDeploymentRoot="false" runDeploymentRoot="TestResults[32]">
          <DeploymentItem filename=".nuget\NuGet.Config" />
          <DeploymentItem filename=".nuget\NuGet.exe" />
          <DeploymentItem filename=".nuget\NuGet.targets" />
        </Deployment>
        <NamingScheme baseName="TestResults" appendTimeStamp="false" useDefault="false" />
        <Execution>
          <TestTypeSpecific>
            <UnitTestRunConfig testTypeId="13cdc9d9-ddb5-4fa4-a97d-d965ccfc6d4b">
              <AssemblyResolution>
                <TestDirectory useLoadContext="true" />
              </AssemblyResolution>
            </UnitTestRunConfig>
            <WebTestRunConfiguration testTypeId="4e7599fa-5ecb-43e9-a887-cd63cf72d207">
              <Browser name="Internet Explorer 9.0" MaxConnections="6">
                <Headers>
                  <Header name="User-Agent" value="Mozilla/5.0 (compatible; MSIE 9.0; Windows NT 6.1; Trident/5.0)" />
                  <Header name="Accept" value="*/*" />
                  <Header name="Accept-Language" value="en-US,en;q=0.8,zh-Hans-CN;q=0.5,zh-Hans;q=0.3" />
                  <Header name="Accept-Encoding" value="GZIP" />
                </Headers>
              </Browser>
            </WebTestRunConfiguration>
          </TestTypeSpecific>
          <AgentRule name="LocalMachineDefaultRole">
          </AgentRule>
        </Execution>
      </TestSettings>
      <WebTestResultFilePath>TestResults[32]\In\ea57eb96-ad92-4a8c-85f8-85026e056d61\ContactUsAndReportAbuseLinkTest.webtestResult</WebTestResultFilePath>
    </WebTestResult>
    <WebTestResult executionId="b96a843d-ff39-4bcd-972d-d57698cfcd73" testId="336cce10-fc9c-411f-b491-c5f9f404e7b7" testName="UploadPackageWithMinClientVersionFromUITest" computerName="CLAYCO7" duration="00:00:00.1207045" startTime="2013-04-16T20:11:56.7409507-07:00" endTime="2013-04-16T20:11:56.8659608-07:00" testType="37e36796-fb51-4610-8d5c-e00ceaa68b9f" testListId="8c84fa94-04c1-424b-9868-57a2d4851a1d" relativeResultsDirectory="b96a843d-ff39-4bcd-972d-d57698cfcd73">
      <Output>
        <ErrorInfo>
          <Message>Exception occurred: There is no context parameter with the name '$HIDDEN1.__RequestVerificationToken' in the WebTestContext</Message>
          <StackTrace>   at Microsoft.VisualStudio.TestTools.WebTesting.WebTestContext.get_Item(String key)
   at NuGetGallery.FunctionalTests.AssertAndValidationHelper.GetLogonPostRequest(WebTest test, String accountName, String password) in d:\github.com\NuGetGallery\FunctionalTests\NuGetGallery.FunctionalTests\WebUITests\AssertAndValidationHelper.cs:line 108
   at NuGetGallery.FunctionalTests.WebUITests.PackageManagement.UploadPackageWithMinClientVersionFromUITest.&lt;GetRequestEnumerator&gt;d__0.MoveNext() in d:\github.com\NuGetGallery\FunctionalTests\NuGetGallery.FunctionalTests\WebUITests\UploadAndDownload\UploadPackageWithMinClientVersionFromUITest.cs:line 32
   at Microsoft.VisualStudio.TestTools.WebStress.WebTestCaseVariation.ExecuteNextTopLevelRequest()</StackTrace>
        </ErrorInfo>
      </Output>
      <ResultFiles>
        <ResultFile path="UploadPackageWithMinClientVersionFromUITest.webtestResult" />
      </ResultFiles>
      <TestSettings name="Local" id="62f583f0-2eca-4773-bed0-474a13faad76">
        <Description>These are default test settings for a local test run.</Description>
        <Deployment userDeploymentRoot="." useDefaultDeploymentRoot="false" runDeploymentRoot="TestResults[32]">
          <DeploymentItem filename=".nuget\NuGet.Config" />
          <DeploymentItem filename=".nuget\NuGet.exe" />
          <DeploymentItem filename=".nuget\NuGet.targets" />
        </Deployment>
        <NamingScheme baseName="TestResults" appendTimeStamp="false" useDefault="false" />
        <Execution>
          <TestTypeSpecific>
            <UnitTestRunConfig testTypeId="13cdc9d9-ddb5-4fa4-a97d-d965ccfc6d4b">
              <AssemblyResolution>
                <TestDirectory useLoadContext="true" />
              </AssemblyResolution>
            </UnitTestRunConfig>
            <WebTestRunConfiguration testTypeId="4e7599fa-5ecb-43e9-a887-cd63cf72d207">
              <Browser name="Internet Explorer 9.0" MaxConnections="6">
                <Headers>
                  <Header name="User-Agent" value="Mozilla/5.0 (compatible; MSIE 9.0; Windows NT 6.1; Trident/5.0)" />
                  <Header name="Accept" value="*/*" />
                  <Header name="Accept-Language" value="en-US,en;q=0.8,zh-Hans-CN;q=0.5,zh-Hans;q=0.3" />
                  <Header name="Accept-Encoding" value="GZIP" />
                </Headers>
              </Browser>
            </WebTestRunConfiguration>
          </TestTypeSpecific>
          <AgentRule name="LocalMachineDefaultRole">
          </AgentRule>
        </Execution>
      </TestSettings>
      <WebTestResultFilePath>TestResults[32]\In\b96a843d-ff39-4bcd-972d-d57698cfcd73\UploadPackageWithMinClientVersionFromUITest.webtestResult</WebTestResultFilePath>
    </WebTestResult>
    <WebTestResult executionId="be513d67-a2bb-4670-b804-f32a3bee555e" testId="340e6bba-7e3d-842d-7ee1-669ddc667c0c" testName="AggregateStatsInHomePage" computerName="CLAYCO7" duration="00:00:00.1217749" startTime="2013-04-16T20:11:56.8659608-07:00" endTime="2013-04-16T20:11:56.9909651-07:00" testType="37e36796-fb51-4610-8d5c-e00ceaa68b9f" testListId="8c84fa94-04c1-424b-9868-57a2d4851a1d" relativeResultsDirectory="be513d67-a2bb-4670-b804-f32a3bee555e">
      <Output>
        <ErrorInfo>
          <Message>Exception occurred: There is no context parameter with the name 'DownloadCount' in the WebTestContext</Message>
          <StackTrace>   at Microsoft.VisualStudio.TestTools.WebTesting.WebTestContext.get_Item(String key)
   at NuGetGallery.FunctionalTests.AggregateStatsInHomePage.GetAggregateStatsFromContext() in d:\github.com\NuGetGallery\FunctionalTests\NuGetGallery.FunctionalTests\WebUITests\UploadAndDownload\AggregateStatsAfterDownload.cs:line 88
   at NuGetGallery.FunctionalTests.AggregateStatsInHomePage.&lt;GetRequestEnumerator&gt;d__0.MoveNext() in d:\github.com\NuGetGallery\FunctionalTests\NuGetGallery.FunctionalTests\WebUITests\UploadAndDownload\AggregateStatsAfterDownload.cs:line 29
   at Microsoft.VisualStudio.TestTools.WebStress.WebTestCaseVariation.ExecuteNextTopLevelRequest()</StackTrace>
        </ErrorInfo>
      </Output>
      <ResultFiles>
        <ResultFile path="AggregateStatsInHomePage.webtestResult" />
      </ResultFiles>
      <TestSettings name="Local" id="62f583f0-2eca-4773-bed0-474a13faad76">
        <Description>These are default test settings for a local test run.</Description>
        <Deployment userDeploymentRoot="." useDefaultDeploymentRoot="false" runDeploymentRoot="TestResults[32]">
          <DeploymentItem filename=".nuget\NuGet.Config" />
          <DeploymentItem filename=".nuget\NuGet.exe" />
          <DeploymentItem filename=".nuget\NuGet.targets" />
        </Deployment>
        <NamingScheme baseName="TestResults" appendTimeStamp="false" useDefault="false" />
        <Execution>
          <TestTypeSpecific>
            <UnitTestRunConfig testTypeId="13cdc9d9-ddb5-4fa4-a97d-d965ccfc6d4b">
              <AssemblyResolution>
                <TestDirectory useLoadContext="true" />
              </AssemblyResolution>
            </UnitTestRunConfig>
            <WebTestRunConfiguration testTypeId="4e7599fa-5ecb-43e9-a887-cd63cf72d207">
              <Browser name="Internet Explorer 9.0" MaxConnections="6">
                <Headers>
                  <Header name="User-Agent" value="Mozilla/5.0 (compatible; MSIE 9.0; Windows NT 6.1; Trident/5.0)" />
                  <Header name="Accept" value="*/*" />
                  <Header name="Accept-Language" value="en-US,en;q=0.8,zh-Hans-CN;q=0.5,zh-Hans;q=0.3" />
                  <Header name="Accept-Encoding" value="GZIP" />
                </Headers>
              </Browser>
            </WebTestRunConfiguration>
          </TestTypeSpecific>
          <AgentRule name="LocalMachineDefaultRole">
          </AgentRule>
        </Execution>
      </TestSettings>
      <WebTestResultFilePath>TestResults[32]\In\be513d67-a2bb-4670-b804-f32a3bee555e\AggregateStatsInHomePage.webtestResult</WebTestResultFilePath>
    </WebTestResult>
    <WebTestResult executionId="aecb4440-d8a6-4f7f-a62e-62381dfaa5d2" testId="6c390634-83d7-955a-87c4-b41e59b8d7ae" testName="RegisterInvalidUserTest" computerName="CLAYCO7" duration="00:00:00.1217800" startTime="2013-04-16T20:11:57.0065910-07:00" endTime="2013-04-16T20:11:57.1315965-07:00" testType="37e36796-fb51-4610-8d5c-e00ceaa68b9f" testListId="8c84fa94-04c1-424b-9868-57a2d4851a1d" relativeResultsDirectory="aecb4440-d8a6-4f7f-a62e-62381dfaa5d2">
      <Output>
        <ErrorInfo>
          <Message>Exception occurred: There is no context parameter with the name '$HIDDEN1.__RequestVerificationToken' in the WebTestContext</Message>
          <StackTrace>   at Microsoft.VisualStudio.TestTools.WebTesting.WebTestContext.get_Item(String key)
   at NuGetGallery.FunctionalTests.RegisterInvalidUserTest.&lt;GetRequestEnumerator&gt;d__0.MoveNext() in d:\github.com\NuGetGallery\FunctionalTests\NuGetGallery.FunctionalTests\WebUITests\AccountManagement\RegisterInvalidUserTest.cs:line 34
   at Microsoft.VisualStudio.TestTools.WebStress.WebTestCaseVariation.ExecuteNextTopLevelRequest()</StackTrace>
        </ErrorInfo>
      </Output>
      <ResultFiles>
        <ResultFile path="RegisterInvalidUserTest.webtestResult" />
      </ResultFiles>
      <TestSettings name="Local" id="62f583f0-2eca-4773-bed0-474a13faad76">
        <Description>These are default test settings for a local test run.</Description>
        <Deployment userDeploymentRoot="." useDefaultDeploymentRoot="false" runDeploymentRoot="TestResults[32]">
          <DeploymentItem filename=".nuget\NuGet.Config" />
          <DeploymentItem filename=".nuget\NuGet.exe" />
          <DeploymentItem filename=".nuget\NuGet.targets" />
        </Deployment>
        <NamingScheme baseName="TestResults" appendTimeStamp="false" useDefault="false" />
        <Execution>
          <TestTypeSpecific>
            <UnitTestRunConfig testTypeId="13cdc9d9-ddb5-4fa4-a97d-d965ccfc6d4b">
              <AssemblyResolution>
                <TestDirectory useLoadContext="true" />
              </AssemblyResolution>
            </UnitTestRunConfig>
            <WebTestRunConfiguration testTypeId="4e7599fa-5ecb-43e9-a887-cd63cf72d207">
              <Browser name="Internet Explorer 9.0" MaxConnections="6">
                <Headers>
                  <Header name="User-Agent" value="Mozilla/5.0 (compatible; MSIE 9.0; Windows NT 6.1; Trident/5.0)" />
                  <Header name="Accept" value="*/*" />
                  <Header name="Accept-Language" value="en-US,en;q=0.8,zh-Hans-CN;q=0.5,zh-Hans;q=0.3" />
                  <Header name="Accept-Encoding" value="GZIP" />
                </Headers>
              </Browser>
            </WebTestRunConfiguration>
          </TestTypeSpecific>
          <AgentRule name="LocalMachineDefaultRole">
          </AgentRule>
        </Execution>
      </TestSettings>
      <WebTestResultFilePath>TestResults[32]\In\aecb4440-d8a6-4f7f-a62e-62381dfaa5d2\RegisterInvalidUserTest.webtestResult</WebTestResultFilePath>
    </WebTestResult>
  </Results>
</TestRun>